== This is the scripting step! ==
N E X T F L O W  ~  version 21.04.1
Launching `YAMP.nf` [adoring_ritchie] - revision: 987380b166
---------------------------------------------
YET ANOTHER METAGENOMIC PIPELINE (YAMP) 
---------------------------------------------

Analysis introspection:


Starting time              : Sun Dec 12 21:53:30 MST 2021
Environment                : 
Pipeline Name              : YAMP
Pipeline Version           : 0.9.5.3
Config Profile             : base,singularity
Resumed                    : true
Nextflow version           : 21.04.1 build 5556 (14-05-2021 15:20 UTC)
Java version               : 1.8.0_91
Java Virtual Machine       : Java HotSpot(TM) 64-Bit Server VM(25.91-b14)
Operating system           : Linux amd64 v3.10.0-957.21.3.el7.x86_64
User name                  : mahshidm@colostate.edu
Container Engine           : singularity
Container                  : [:]
BBmap                      : https://depot.galaxyproject.org/singularity/bbmap:38.87--h1296035_0
FastQC                     : https://depot.galaxyproject.org/singularity/fastqc:0.11.9--0
biobakery                  : biobakery/workflows:3.0.0.a.6.metaphlanv3.0.7
qiime                      : qiime2/core:2020.8
MultiQC                    : https://depot.galaxyproject.org/singularity/multiqc:1.9--py_1
Running parameters         : 
Reads                      : [/scratch/summit/mahshidm@colostate.edu/YAMP4/Raw_Data/Control_330/Control_330_S7_R1_001.fastq.gz, /scratch/summit/mahshidm@colostate.edu/YAMP4/Raw_Data/Control_330/Control_330_S7_R2_001.fastq.gz]
Prefix                     : Control_330
Running mode               : complete
Layout                     : Paired-End
Performing de-duplication  : false
Synthetic contaminants     : 
Artefacts                  : /gpfs/summit/scratch/mahshidm@colostate.edu/YAMP4/assets/data/sequencing_artifacts.fa.gz
Phix174ill                 : /gpfs/summit/scratch/mahshidm@colostate.edu/YAMP4/assets/data/phix174_ill.ref.fa.gz
Adapters                   : /gpfs/summit/scratch/mahshidm@colostate.edu/YAMP4/assets/data/adapters.fa
Trimming parameters        : 
Input quality offset       : ASCII+33
Min phred score            : 10
Min length                 : 60
kmer lenght                : 23
Shorter kmer               : 11
Max Hamming distance       : 1
Decontamination parameters : 
Contaminant (pan)genome    : /gpfs/summit/scratch/mahshidm@colostate.edu/YAMP4/assets/data/hg19_main_mask_ribo_animal_allplant_allfungus.fa.gz
Min alignment identity     : 0.95
Max indel length           : 3
Max alignment band         : 0.16
MetaPhlAn parameters       : 
MetaPhlAn database         : /gpfs/summit/scratch/mahshidm@colostate.edu/YAMP4/assets/data/metaphlan_databases/
Bowtie2 options            : very-sensitive
HUMAnN parameters          : 
Chocophlan database        : /gpfs/summit/scratch/mahshidm@colostate.edu/YAMP4/assets/data/chocophlan
Uniref database            : /gpfs/summit/scratch/mahshidm@colostate.edu/YAMP4/assets/data/uniref
Folders                    : 
Output dir                 : Satya
Working dir                : /gpfs/summit/scratch/mahshidm@colostate.edu/YAMP4/work
Script dir                 : /gpfs/summit/scratch/mahshidm@colostate.edu/YAMP4
Lunching dir               : /gpfs/summit/scratch/mahshidm@colostate.edu/YAMP4

[-        ] process > get_software_versions -

[-        ] process > get_software_versions -
[-        ] process > dedup                 -

[-        ] process > get_software_versions         -
[-        ] process > dedup                         -
[-        ] process > remove_synthetic_contaminants -

[-        ] process > get_software_versions         -
[-        ] process > dedup                         -
[-        ] process > remove_synthetic_contaminants -
[-        ] process > trim                          -

[-        ] process > get_software_versions         -
[-        ] process > dedup                         -
[-        ] process > remove_synthetic_contaminants -
[-        ] process > trim                          -
[-        ] process > index_foreign_genome          -

[-        ] process > get_software_versions         -
[-        ] process > dedup                         -
[-        ] process > remove_synthetic_contaminants -
[-        ] process > trim                          -
[-        ] process > index_foreign_genome          -
[-        ] process > decontaminate                 -

[-        ] process > get_software_versions         -
[-        ] process > dedup                         -
[-        ] process > remove_synthetic_contaminants -
[-        ] process > trim                          -
[-        ] process > index_foreign_genome          -
[-        ] process > decontaminate                 -
[-        ] process > quality_assessment            -

[-        ] process > get_software_versions         -
[-        ] process > dedup                         -
[-        ] process > remove_synthetic_contaminants -
[-        ] process > trim                          -
[-        ] process > index_foreign_genome          -
[-        ] process > decontaminate                 -
[-        ] process > quality_assessment            -
[-        ] process > merge_paired_end_cleaned      -
[-        ] process > profile_taxa                  -

[2a/456536] process > get_software_versions          [100%] 1 of 1, cached: 1 ✔
[-        ] process > dedup                          -
[82/c0746b] process > remove_synthetic_contaminan... [100%] 1 of 1, cached: 1
[-        ] process > trim                           -
[24/291dbf] process > index_foreign_genome (1)       [100%] 1 of 1, cached: 1 ✔
[-        ] process > decontaminate                  -
[78/e0c81c] process > quality_assessment (Control... [100%] 1 of 1, cached: 1
[-        ] process > merge_paired_end_cleaned       -
[-        ] process > profile_taxa                   -

[2a/456536] process > get_software_versions          [100%] 1 of 1, cached: 1 ✔
[-        ] process > dedup                          -
[82/c0746b] process > remove_synthetic_contaminan... [100%] 1 of 1, cached: 1 ✔
[-        ] process > trim                           -
[24/291dbf] process > index_foreign_genome (1)       [100%] 1 of 1, cached: 1 ✔
[-        ] process > decontaminate                  -
[78/e0c81c] process > quality_assessment (Control... [100%] 1 of 1, cached: 1
[-        ] process > merge_paired_end_cleaned       -
[-        ] process > profile_taxa                   -
[-        ] process > profile_function               -
[-        ] process > alpha_diversity                -

[2a/456536] process > get_software_versions          [100%] 1 of 1, cached: 1 ✔
[-        ] process > dedup                          -
[82/c0746b] process > remove_synthetic_contaminan... [100%] 1 of 1, cached: 1 ✔
[-        ] process > trim                           -
[24/291dbf] process > index_foreign_genome (1)       [100%] 1 of 1, cached: 1 ✔
[-        ] process > decontaminate                  -
[78/e0c81c] process > quality_assessment (Control... [100%] 1 of 1, cached: 1
[-        ] process > merge_paired_end_cleaned       -
[-        ] process > profile_taxa                   -
[-        ] process > profile_function               -
[-        ] process > alpha_diversity                -
[-        ] process > log                            -

[2a/456536] process > get_software_versions          [100%] 1 of 1, cached: 1 ✔
[-        ] process > dedup                          -
[82/c0746b] process > remove_synthetic_contaminan... [100%] 1 of 1, cached: 1 ✔
[e7/383c4f] process > trim (Control_330)             [100%] 1 of 1, cached: 1
[24/291dbf] process > index_foreign_genome (1)       [100%] 1 of 1, cached: 1 ✔
[-        ] process > decontaminate                  -
[78/e0c81c] process > quality_assessment (Control... [100%] 1 of 1, cached: 1
[-        ] process > merge_paired_end_cleaned       -
[-        ] process > profile_taxa                   -
[-        ] process > profile_function               -
[-        ] process > alpha_diversity                -
[-        ] process > log                            -

[2a/456536] process > get_software_versions          [100%] 1 of 1, cached: 1 ✔
[-        ] process > dedup                          -
[82/c0746b] process > remove_synthetic_contaminan... [100%] 1 of 1, cached: 1 ✔
[e7/383c4f] process > trim (Control_330)             [100%] 1 of 1, cached: 1 ✔
[24/291dbf] process > index_foreign_genome (1)       [100%] 1 of 1, cached: 1 ✔
[-        ] process > decontaminate                  -
[78/e0c81c] process > quality_assessment (Control... [100%] 1 of 1, cached: 1
[-        ] process > merge_paired_end_cleaned       -
[-        ] process > profile_taxa                   -
[-        ] process > profile_function               -
[-        ] process > alpha_diversity                -
[-        ] process > log                            -

[2a/456536] process > get_software_versions          [100%] 1 of 1, cached: 1 ✔
[-        ] process > dedup                          -
[82/c0746b] process > remove_synthetic_contaminan... [100%] 1 of 1, cached: 1 ✔
[e7/383c4f] process > trim (Control_330)             [100%] 1 of 1, cached: 1 ✔
[24/291dbf] process > index_foreign_genome (1)       [100%] 1 of 1, cached: 1 ✔
[9a/0b7df9] process > decontaminate (Control_330)    [100%] 1 of 1, cached: 1
[78/e0c81c] process > quality_assessment (Control... [100%] 1 of 1, cached: 1
[-        ] process > merge_paired_end_cleaned       -
[-        ] process > profile_taxa                   -
[-        ] process > profile_function               -
[-        ] process > alpha_diversity                -
[-        ] process > log                            -

[2a/456536] process > get_software_versions          [100%] 1 of 1, cached: 1 ✔
[-        ] process > dedup                          -
[82/c0746b] process > remove_synthetic_contaminan... [100%] 1 of 1, cached: 1 ✔
[e7/383c4f] process > trim (Control_330)             [100%] 1 of 1, cached: 1 ✔
[24/291dbf] process > index_foreign_genome (1)       [100%] 1 of 1, cached: 1 ✔
[9a/0b7df9] process > decontaminate (Control_330)    [100%] 1 of 1, cached: 1
[78/c73be1] process > quality_assessment (Control... [100%] 2 of 2, cached: 2
[-        ] process > merge_paired_end_cleaned       -
[-        ] process > profile_taxa                   -
[-        ] process > profile_function               -
[-        ] process > alpha_diversity                -
[-        ] process > log                            -

[2a/456536] process > get_software_versions          [100%] 1 of 1, cached: 1 ✔
[-        ] process > dedup                          -
[82/c0746b] process > remove_synthetic_contaminan... [100%] 1 of 1, cached: 1 ✔
[e7/383c4f] process > trim (Control_330)             [100%] 1 of 1, cached: 1 ✔
[24/291dbf] process > index_foreign_genome (1)       [100%] 1 of 1, cached: 1 ✔
[9a/0b7df9] process > decontaminate (Control_330)    [100%] 1 of 1, cached: 1 ✔
[78/c73be1] process > quality_assessment (Control... [100%] 2 of 2, cached: 2 ✔
[-        ] process > merge_paired_end_cleaned       -
[48/d2adb3] process > profile_taxa (Control_330)     [100%] 1 of 1, cached: 1 ✔
[-        ] process > profile_function               [  0%] 0 of 1
[ab/24fa9d] process > alpha_diversity (Control_330)  [100%] 1 of 1, cached: 1 ✔
[-        ] process > log                            -

executor >  local (1)
[2a/456536] process > get_software_versions          [100%] 1 of 1, cached: 1 ✔
[-        ] process > dedup                          -
[82/c0746b] process > remove_synthetic_contaminan... [100%] 1 of 1, cached: 1 ✔
[e7/383c4f] process > trim (Control_330)             [100%] 1 of 1, cached: 1 ✔
[24/291dbf] process > index_foreign_genome (1)       [100%] 1 of 1, cached: 1 ✔
[9a/0b7df9] process > decontaminate (Control_330)    [100%] 1 of 1, cached: 1 ✔
[78/c73be1] process > quality_assessment (Control... [100%] 2 of 2, cached: 2 ✔
[-        ] process > merge_paired_end_cleaned       -
[48/d2adb3] process > profile_taxa (Control_330)     [100%] 1 of 1, cached: 1 ✔
[b7/138cb0] process > profile_function (Control_330) [  0%] 0 of 1
[ab/24fa9d] process > alpha_diversity (Control_330)  [100%] 1 of 1, cached: 1 ✔
[-        ] process > log                            -

executor >  local (1)
[2a/456536] process > get_software_versions          [100%] 1 of 1, cached: 1 ✔
[-        ] process > dedup                          -
[82/c0746b] process > remove_synthetic_contaminan... [100%] 1 of 1, cached: 1 ✔
[e7/383c4f] process > trim (Control_330)             [100%] 1 of 1, cached: 1 ✔
[24/291dbf] process > index_foreign_genome (1)       [100%] 1 of 1, cached: 1 ✔
[9a/0b7df9] process > decontaminate (Control_330)    [100%] 1 of 1, cached: 1 ✔
[78/c73be1] process > quality_assessment (Control... [100%] 2 of 2, cached: 2 ✔
[-        ] process > merge_paired_end_cleaned       -
[48/d2adb3] process > profile_taxa (Control_330)     [100%] 1 of 1, cached: 1 ✔
[b7/138cb0] process > profile_function (Control_330) [  0%] 0 of 1
[ab/24fa9d] process > alpha_diversity (Control_330)  [100%] 1 of 1, cached: 1 ✔
[-        ] process > log                            -

executor >  local (1)
[2a/456536] process > get_software_versions          [100%] 1 of 1, cached: 1 ✔
[-        ] process > dedup                          -
[82/c0746b] process > remove_synthetic_contaminan... [100%] 1 of 1, cached: 1 ✔
[e7/383c4f] process > trim (Control_330)             [100%] 1 of 1, cached: 1 ✔
[24/291dbf] process > index_foreign_genome (1)       [100%] 1 of 1, cached: 1 ✔
[9a/0b7df9] process > decontaminate (Control_330)    [100%] 1 of 1, cached: 1 ✔
[78/c73be1] process > quality_assessment (Control... [100%] 2 of 2, cached: 2 ✔
[-        ] process > merge_paired_end_cleaned       -
[48/d2adb3] process > profile_taxa (Control_330)     [100%] 1 of 1, cached: 1 ✔
[b7/138cb0] process > profile_function (Control_330) [100%] 1 of 1 ✔
[ab/24fa9d] process > alpha_diversity (Control_330)  [100%] 1 of 1, cached: 1 ✔
[-        ] process > log                            [  0%] 0 of 1

executor >  local (2)
[2a/456536] process > get_software_versions          [100%] 1 of 1, cached: 1 ✔
[-        ] process > dedup                          -
[82/c0746b] process > remove_synthetic_contaminan... [100%] 1 of 1, cached: 1 ✔
[e7/383c4f] process > trim (Control_330)             [100%] 1 of 1, cached: 1 ✔
[24/291dbf] process > index_foreign_genome (1)       [100%] 1 of 1, cached: 1 ✔
[9a/0b7df9] process > decontaminate (Control_330)    [100%] 1 of 1, cached: 1 ✔
[78/c73be1] process > quality_assessment (Control... [100%] 2 of 2, cached: 2 ✔
[-        ] process > merge_paired_end_cleaned       -
[48/d2adb3] process > profile_taxa (Control_330)     [100%] 1 of 1, cached: 1 ✔
[b7/138cb0] process > profile_function (Control_330) [100%] 1 of 1 ✔
[ab/24fa9d] process > alpha_diversity (Control_330)  [100%] 1 of 1, cached: 1 ✔
[79/25b7f4] process > log (1)                        [  0%] 0 of 1

executor >  local (2)
[2a/456536] process > get_software_versions          [100%] 1 of 1, cached: 1 ✔
[-        ] process > dedup                          -
[82/c0746b] process > remove_synthetic_contaminan... [100%] 1 of 1, cached: 1 ✔
[e7/383c4f] process > trim (Control_330)             [100%] 1 of 1, cached: 1 ✔
[24/291dbf] process > index_foreign_genome (1)       [100%] 1 of 1, cached: 1 ✔
[9a/0b7df9] process > decontaminate (Control_330)    [100%] 1 of 1, cached: 1 ✔
[78/c73be1] process > quality_assessment (Control... [100%] 2 of 2, cached: 2 ✔
[-        ] process > merge_paired_end_cleaned       -
[48/d2adb3] process > profile_taxa (Control_330)     [100%] 1 of 1, cached: 1 ✔
[b7/138cb0] process > profile_function (Control_330) [100%] 1 of 1 ✔
[ab/24fa9d] process > alpha_diversity (Control_330)  [100%] 1 of 1, cached: 1 ✔
[79/25b7f4] process > log (1)                        [100%] 1 of 1 ✔
Completed at: 19-Dec-2021 12:42:10
Duration    : 6d 14h 48m 51s
CPU hours   : 12'170.0 (37.4% cached)
Succeeded   : 2
Cached      : 9


== End of Job ==
