== This is the scripting step! ==
N E X T F L O W  ~  version 21.04.1
Launching `YAMP.nf` [tiny_keller] - revision: 987380b166
---------------------------------------------
YET ANOTHER METAGENOMIC PIPELINE (YAMP) 
---------------------------------------------

Analysis introspection:


Starting time              : Tue Dec 07 17:45:47 MST 2021
Environment                : 
Pipeline Name              : YAMP
Pipeline Version           : 0.9.5.3
Config Profile             : base,singularity
Resumed                    : true
Nextflow version           : 21.04.1 build 5556 (14-05-2021 15:20 UTC)
Java version               : 1.8.0_91
Java Virtual Machine       : Java HotSpot(TM) 64-Bit Server VM(25.91-b14)
Operating system           : Linux amd64 v3.10.0-957.21.3.el7.x86_64
User name                  : parsa96@colostate.edu
Container Engine           : singularity
Container                  : [:]
BBmap                      : https://depot.galaxyproject.org/singularity/bbmap:38.87--h1296035_0
FastQC                     : https://depot.galaxyproject.org/singularity/fastqc:0.11.9--0
biobakery                  : biobakery/workflows:3.0.0.a.6.metaphlanv3.0.7
qiime                      : qiime2/core:2020.8
MultiQC                    : https://depot.galaxyproject.org/singularity/multiqc:1.9--py_1
Running parameters         : 
Reads                      : [/scratch/summit/parsa96@colostate.edu/YAMP/YAMP/Raw_Data/D_RCE_plus_DSS/D_RCE_plus_DSS_S5_R1_001.fastq.gz, /scratch/summit/parsa96@colostate.edu/YAMP/YAMP/Raw_Data/D_RCE_plus_DSS/D_RCE_plus_DSS_S5_R2_001.fastq.gz]
Prefix                     : D_RCE_plus_DSS
Running mode               : complete
Layout                     : Paired-End
Performing de-duplication  : false
Synthetic contaminants     : 
Artefacts                  : /gpfs/summit/scratch/parsa96@colostate.edu/YAMP/YAMP5/assets/data/sequencing_artifacts.fa.gz
Phix174ill                 : /gpfs/summit/scratch/parsa96@colostate.edu/YAMP/YAMP5/assets/data/phix174_ill.ref.fa.gz
Adapters                   : /gpfs/summit/scratch/parsa96@colostate.edu/YAMP/YAMP5/assets/data/adapters.fa
Trimming parameters        : 
Input quality offset       : ASCII+33
Min phred score            : 10
Min length                 : 60
kmer lenght                : 23
Shorter kmer               : 11
Max Hamming distance       : 1
Decontamination parameters : 
Contaminant (pan)genome    : /gpfs/summit/scratch/parsa96@colostate.edu/YAMP/YAMP5/assets/data/hg19_main_mask_ribo_animal_allplant_allfungus.fa.gz
Min alignment identity     : 0.95
Max indel length           : 3
Max alignment band         : 0.16
MetaPhlAn parameters       : 
MetaPhlAn database         : /gpfs/summit/scratch/parsa96@colostate.edu/YAMP/YAMP5/assets/data/metaphlan_databases/
Bowtie2 options            : very-sensitive
HUMAnN parameters          : 
Chocophlan database        : /gpfs/summit/scratch/parsa96@colostate.edu/YAMP/YAMP5/assets/data/chocophlan
Uniref database            : /gpfs/summit/scratch/parsa96@colostate.edu/YAMP/YAMP5/assets/data/uniref
Folders                    : 
Output dir                 : Satya
Working dir                : /gpfs/summit/scratch/parsa96@colostate.edu/YAMP/YAMP5/work
Script dir                 : /gpfs/summit/scratch/parsa96@colostate.edu/YAMP/YAMP5
Lunching dir               : /gpfs/summit/scratch/parsa96@colostate.edu/YAMP/YAMP5

[-        ] process > get_software_versions -

[-        ] process > get_software_versions -
[-        ] process > dedup                 -

[-        ] process > get_software_versions -
[-        ] process > dedup                 -

[-        ] process > get_software_versions         -
[-        ] process > dedup                         -
[-        ] process > remove_synthetic_contaminants -
[-        ] process > trim                          -

[-        ] process > get_software_versions         -
[-        ] process > dedup                         -
[-        ] process > remove_synthetic_contaminants -
[-        ] process > trim                          -
[-        ] process > index_foreign_genome          -

[-        ] process > get_software_versions         -
[-        ] process > dedup                         -
[-        ] process > remove_synthetic_contaminants -
[-        ] process > trim                          -
[-        ] process > index_foreign_genome          -
[-        ] process > decontaminate                 -

[-        ] process > get_software_versions         -
[-        ] process > dedup                         -
[-        ] process > remove_synthetic_contaminants -
[-        ] process > trim                          -
[-        ] process > index_foreign_genome          -
[-        ] process > decontaminate                 -
[-        ] process > quality_assessment            -

[-        ] process > get_software_versions         -
[-        ] process > dedup                         -
[-        ] process > remove_synthetic_contaminants -
[-        ] process > trim                          -
[-        ] process > index_foreign_genome          -
[-        ] process > decontaminate                 -
[-        ] process > quality_assessment            -
[-        ] process > merge_paired_end_cleaned      -

[-        ] process > get_software_versions          -
[-        ] process > dedup                          -
[fd/e0a7e0] process > remove_synthetic_contaminan... [100%] 1 of 1, cached: 1
[-        ] process > trim                           -
[6d/fab390] process > index_foreign_genome (1)       [100%] 1 of 1, cached: 1
[-        ] process > decontaminate                  -
[d6/c7cd5a] process > quality_assessment (D_RCE_p... [100%] 1 of 1, cached: 1
[-        ] process > merge_paired_end_cleaned       -

[b2/997220] process > get_software_versions          [100%] 1 of 1, cached: 1 ✔
[-        ] process > dedup                          -
[fd/e0a7e0] process > remove_synthetic_contaminan... [100%] 1 of 1, cached: 1 ✔
[-        ] process > trim                           -
[6d/fab390] process > index_foreign_genome (1)       [100%] 1 of 1, cached: 1
[-        ] process > decontaminate                  -
[d6/c7cd5a] process > quality_assessment (D_RCE_p... [100%] 1 of 1, cached: 1
[-        ] process > merge_paired_end_cleaned       -
[-        ] process > profile_taxa                   -
[-        ] process > profile_function               -

[b2/997220] process > get_software_versions          [100%] 1 of 1, cached: 1 ✔
[-        ] process > dedup                          -
[fd/e0a7e0] process > remove_synthetic_contaminan... [100%] 1 of 1, cached: 1 ✔
[-        ] process > trim                           -
[6d/fab390] process > index_foreign_genome (1)       [100%] 1 of 1, cached: 1 ✔
[-        ] process > decontaminate                  -
[d6/c7cd5a] process > quality_assessment (D_RCE_p... [100%] 1 of 1, cached: 1
[-        ] process > merge_paired_end_cleaned       -
[-        ] process > profile_taxa                   -
[-        ] process > profile_function               -
[-        ] process > alpha_diversity                -

[b2/997220] process > get_software_versions          [100%] 1 of 1, cached: 1 ✔
[-        ] process > dedup                          -
[fd/e0a7e0] process > remove_synthetic_contaminan... [100%] 1 of 1, cached: 1 ✔
[-        ] process > trim                           -
[6d/fab390] process > index_foreign_genome (1)       [100%] 1 of 1, cached: 1 ✔
[-        ] process > decontaminate                  -
[d6/c7cd5a] process > quality_assessment (D_RCE_p... [100%] 1 of 1, cached: 1
[-        ] process > merge_paired_end_cleaned       -
[-        ] process > profile_taxa                   -
[-        ] process > profile_function               -
[-        ] process > alpha_diversity                -
[-        ] process > log                            -

[b2/997220] process > get_software_versions          [100%] 1 of 1, cached: 1 ✔
[-        ] process > dedup                          -
[fd/e0a7e0] process > remove_synthetic_contaminan... [100%] 1 of 1, cached: 1 ✔
[6c/a537d3] process > trim (D_RCE_plus_DSS)          [100%] 1 of 1, cached: 1 ✔
[6d/fab390] process > index_foreign_genome (1)       [100%] 1 of 1, cached: 1 ✔
[-        ] process > decontaminate                  -
[d6/c7cd5a] process > quality_assessment (D_RCE_p... [100%] 1 of 1, cached: 1
[-        ] process > merge_paired_end_cleaned       -
[-        ] process > profile_taxa                   -
[-        ] process > profile_function               -
[-        ] process > alpha_diversity                -
[-        ] process > log                            -

[b2/997220] process > get_software_versions          [100%] 1 of 1, cached: 1 ✔
[-        ] process > dedup                          -
[fd/e0a7e0] process > remove_synthetic_contaminan... [100%] 1 of 1, cached: 1 ✔
[6c/a537d3] process > trim (D_RCE_plus_DSS)          [100%] 1 of 1, cached: 1 ✔
[6d/fab390] process > index_foreign_genome (1)       [100%] 1 of 1, cached: 1 ✔
[ad/8aee51] process > decontaminate (D_RCE_plus_DSS) [100%] 1 of 1, cached: 1
[dc/c64f6e] process > quality_assessment (D_RCE_p... [100%] 2 of 2, cached: 2
[-        ] process > merge_paired_end_cleaned       -
[-        ] process > profile_taxa                   -
[-        ] process > profile_function               -
[-        ] process > alpha_diversity                -
[-        ] process > log                            -

[b2/997220] process > get_software_versions          [100%] 1 of 1, cached: 1 ✔
[-        ] process > dedup                          -
[fd/e0a7e0] process > remove_synthetic_contaminan... [100%] 1 of 1, cached: 1 ✔
[6c/a537d3] process > trim (D_RCE_plus_DSS)          [100%] 1 of 1, cached: 1 ✔
[6d/fab390] process > index_foreign_genome (1)       [100%] 1 of 1, cached: 1 ✔
[ad/8aee51] process > decontaminate (D_RCE_plus_DSS) [100%] 1 of 1, cached: 1 ✔
[dc/c64f6e] process > quality_assessment (D_RCE_p... [100%] 2 of 2, cached: 2 ✔
[-        ] process > merge_paired_end_cleaned       -
[55/c75bb7] process > profile_taxa (D_RCE_plus_DSS)  [100%] 1 of 1, cached: 1
[-        ] process > profile_function               -
[12/f7b7bf] process > alpha_diversity (D_RCE_plus... [100%] 1 of 1, cached: 1
[-        ] process > log                            -

[b2/997220] process > get_software_versions          [100%] 1 of 1, cached: 1 ✔
[-        ] process > dedup                          -
[fd/e0a7e0] process > remove_synthetic_contaminan... [100%] 1 of 1, cached: 1 ✔
[6c/a537d3] process > trim (D_RCE_plus_DSS)          [100%] 1 of 1, cached: 1 ✔
[6d/fab390] process > index_foreign_genome (1)       [100%] 1 of 1, cached: 1 ✔
[ad/8aee51] process > decontaminate (D_RCE_plus_DSS) [100%] 1 of 1, cached: 1 ✔
[dc/c64f6e] process > quality_assessment (D_RCE_p... [100%] 2 of 2, cached: 2 ✔
[-        ] process > merge_paired_end_cleaned       -
[55/c75bb7] process > profile_taxa (D_RCE_plus_DSS)  [100%] 1 of 1, cached: 1 ✔
[-        ] process > profile_function               [  0%] 0 of 1
[12/f7b7bf] process > alpha_diversity (D_RCE_plus... [100%] 1 of 1, cached: 1 ✔
[-        ] process > log                            -

executor >  local (1)
[b2/997220] process > get_software_versions          [100%] 1 of 1, cached: 1 ✔
[-        ] process > dedup                          -
[fd/e0a7e0] process > remove_synthetic_contaminan... [100%] 1 of 1, cached: 1 ✔
[6c/a537d3] process > trim (D_RCE_plus_DSS)          [100%] 1 of 1, cached: 1 ✔
[6d/fab390] process > index_foreign_genome (1)       [100%] 1 of 1, cached: 1 ✔
[ad/8aee51] process > decontaminate (D_RCE_plus_DSS) [100%] 1 of 1, cached: 1 ✔
[dc/c64f6e] process > quality_assessment (D_RCE_p... [100%] 2 of 2, cached: 2 ✔
[-        ] process > merge_paired_end_cleaned       -
[55/c75bb7] process > profile_taxa (D_RCE_plus_DSS)  [100%] 1 of 1, cached: 1 ✔
[2a/4c8863] process > profile_function (D_RCE_plu... [  0%] 0 of 1
[12/f7b7bf] process > alpha_diversity (D_RCE_plus... [100%] 1 of 1, cached: 1 ✔
[-        ] process > log                            -

executor >  local (1)
[b2/997220] process > get_software_versions          [100%] 1 of 1, cached: 1 ✔
[-        ] process > dedup                          -
[fd/e0a7e0] process > remove_synthetic_contaminan... [100%] 1 of 1, cached: 1 ✔
[6c/a537d3] process > trim (D_RCE_plus_DSS)          [100%] 1 of 1, cached: 1 ✔
[6d/fab390] process > index_foreign_genome (1)       [100%] 1 of 1, cached: 1 ✔
[ad/8aee51] process > decontaminate (D_RCE_plus_DSS) [100%] 1 of 1, cached: 1 ✔
[dc/c64f6e] process > quality_assessment (D_RCE_p... [100%] 2 of 2, cached: 2 ✔
[-        ] process > merge_paired_end_cleaned       -
[55/c75bb7] process > profile_taxa (D_RCE_plus_DSS)  [100%] 1 of 1, cached: 1 ✔
[2a/4c8863] process > profile_function (D_RCE_plu... [100%] 1 of 1 ✔
[12/f7b7bf] process > alpha_diversity (D_RCE_plus... [100%] 1 of 1, cached: 1 ✔
[-        ] process > log                            -

executor >  local (2)
[b2/997220] process > get_software_versions          [100%] 1 of 1, cached: 1 ✔
[-        ] process > dedup                          -
[fd/e0a7e0] process > remove_synthetic_contaminan... [100%] 1 of 1, cached: 1 ✔
[6c/a537d3] process > trim (D_RCE_plus_DSS)          [100%] 1 of 1, cached: 1 ✔
[6d/fab390] process > index_foreign_genome (1)       [100%] 1 of 1, cached: 1 ✔
[ad/8aee51] process > decontaminate (D_RCE_plus_DSS) [100%] 1 of 1, cached: 1 ✔
[dc/c64f6e] process > quality_assessment (D_RCE_p... [100%] 2 of 2, cached: 2 ✔
[-        ] process > merge_paired_end_cleaned       -
[55/c75bb7] process > profile_taxa (D_RCE_plus_DSS)  [100%] 1 of 1, cached: 1 ✔
[2a/4c8863] process > profile_function (D_RCE_plu... [100%] 1 of 1 ✔
[12/f7b7bf] process > alpha_diversity (D_RCE_plus... [100%] 1 of 1, cached: 1 ✔
[6d/6ccb4f] process > log (1)                        [  0%] 0 of 1

executor >  local (2)
[b2/997220] process > get_software_versions          [100%] 1 of 1, cached: 1 ✔
[-        ] process > dedup                          -
[fd/e0a7e0] process > remove_synthetic_contaminan... [100%] 1 of 1, cached: 1 ✔
[6c/a537d3] process > trim (D_RCE_plus_DSS)          [100%] 1 of 1, cached: 1 ✔
[6d/fab390] process > index_foreign_genome (1)       [100%] 1 of 1, cached: 1 ✔
[ad/8aee51] process > decontaminate (D_RCE_plus_DSS) [100%] 1 of 1, cached: 1 ✔
[dc/c64f6e] process > quality_assessment (D_RCE_p... [100%] 2 of 2, cached: 2 ✔
[-        ] process > merge_paired_end_cleaned       -
[55/c75bb7] process > profile_taxa (D_RCE_plus_DSS)  [100%] 1 of 1, cached: 1 ✔
[2a/4c8863] process > profile_function (D_RCE_plu... [100%] 1 of 1 ✔
[12/f7b7bf] process > alpha_diversity (D_RCE_plus... [100%] 1 of 1, cached: 1 ✔
[6d/6ccb4f] process > log (1)                        [100%] 1 of 1 ✔

executor >  local (2)
[b2/997220] process > get_software_versions          [100%] 1 of 1, cached: 1 ✔
[-        ] process > dedup                          -
[fd/e0a7e0] process > remove_synthetic_contaminan... [100%] 1 of 1, cached: 1 ✔
[6c/a537d3] process > trim (D_RCE_plus_DSS)          [100%] 1 of 1, cached: 1 ✔
[6d/fab390] process > index_foreign_genome (1)       [100%] 1 of 1, cached: 1 ✔
[ad/8aee51] process > decontaminate (D_RCE_plus_DSS) [100%] 1 of 1, cached: 1 ✔
[dc/c64f6e] process > quality_assessment (D_RCE_p... [100%] 2 of 2, cached: 2 ✔
[-        ] process > merge_paired_end_cleaned       -
[55/c75bb7] process > profile_taxa (D_RCE_plus_DSS)  [100%] 1 of 1, cached: 1 ✔
[2a/4c8863] process > profile_function (D_RCE_plu... [100%] 1 of 1 ✔
[12/f7b7bf] process > alpha_diversity (D_RCE_plus... [100%] 1 of 1, cached: 1 ✔
[6d/6ccb4f] process > log (1)                        [100%] 1 of 1 ✔
Completed at: 13-Dec-2021 21:44:00
Duration    : 6d 3h 58m 24s
CPU hours   : 11'592.5 (38.7% cached)
Succeeded   : 2
Cached      : 9


== End of Job ==
