== This is the scripting step! ==
N E X T F L O W  ~  version 21.04.1
Launching `YAMP.nf` [condescending_archimedes] - revision: 987380b166
---------------------------------------------
YET ANOTHER METAGENOMIC PIPELINE (YAMP) 
---------------------------------------------

Analysis introspection:


Starting time              : Wed Sep 15 09:50:36 MDT 2021
Environment                : 
Pipeline Name              : YAMP
Pipeline Version           : 0.9.5.3
Config Profile             : base,singularity
Resumed                    : true
Nextflow version           : 21.04.1 build 5556 (14-05-2021 15:20 UTC)
Java version               : 1.8.0_91
Java Virtual Machine       : Java HotSpot(TM) 64-Bit Server VM(25.91-b14)
Operating system           : Linux amd64 v3.10.0-957.21.3.el7.x86_64
User name                  : parsa96@colostate.edu
Container Engine           : singularity
Container                  : [:]
BBmap                      : https://depot.galaxyproject.org/singularity/bbmap:38.87--h1296035_0
FastQC                     : https://depot.galaxyproject.org/singularity/fastqc:0.11.9--0
biobakery                  : biobakery/workflows:3.0.0.a.6.metaphlanv3.0.7
qiime                      : qiime2/core:2020.8
MultiQC                    : https://depot.galaxyproject.org/singularity/multiqc:1.9--py_1
Running parameters         : 
Reads                      : [/scratch/summit/parsa96@colostate.edu/YAMP/YAMP/Raw_Data/DSS_339/DSS_339_S10_R1_001.fastq.gz, /scratch/summit/parsa96@colostate.edu/YAMP/YAMP/Raw_Data/DSS_339/DSS_339_S10_R2_001.fastq.gz]
Prefix                     : DSS_339
Running mode               : complete
Layout                     : Paired-End
Performing de-duplication  : false
Synthetic contaminants     : 
Artefacts                  : /gpfs/summit/scratch/parsa96@colostate.edu/YAMP/YAMP/assets/data/sequencing_artifacts.fa.gz
Phix174ill                 : /gpfs/summit/scratch/parsa96@colostate.edu/YAMP/YAMP/assets/data/phix174_ill.ref.fa.gz
Adapters                   : /gpfs/summit/scratch/parsa96@colostate.edu/YAMP/YAMP/assets/data/adapters.fa
Trimming parameters        : 
Input quality offset       : ASCII+33
Min phred score            : 10
Min length                 : 60
kmer lenght                : 23
Shorter kmer               : 11
Max Hamming distance       : 1
Decontamination parameters : 
Contaminant (pan)genome    : /gpfs/summit/scratch/parsa96@colostate.edu/YAMP/YAMP/assets/data/hg19_main_mask_ribo_animal_allplant_allfungus.fa.gz
Min alignment identity     : 0.95
Max indel length           : 3
Max alignment band         : 0.16
MetaPhlAn parameters       : 
MetaPhlAn database         : /gpfs/summit/scratch/parsa96@colostate.edu/YAMP/YAMP/assets/data/metaphlan_databases/
Bowtie2 options            : very-sensitive
HUMAnN parameters          : 
Chocophlan database        : /gpfs/summit/scratch/parsa96@colostate.edu/YAMP/YAMP/assets/data/chocophlan
Uniref database            : /gpfs/summit/scratch/parsa96@colostate.edu/YAMP/YAMP/assets/data/uniref
Folders                    : 
Output dir                 : Satya
Working dir                : /gpfs/summit/scratch/parsa96@colostate.edu/YAMP/YAMP/work
Script dir                 : /gpfs/summit/scratch/parsa96@colostate.edu/YAMP/YAMP
Lunching dir               : /gpfs/summit/scratch/parsa96@colostate.edu/YAMP/YAMP

[-        ] process > get_software_versions -

[-        ] process > get_software_versions -
[-        ] process > dedup                 -

[-        ] process > get_software_versions -
[-        ] process > dedup                 -

[-        ] process > get_software_versions         -
[-        ] process > dedup                         -
[-        ] process > remove_synthetic_contaminants -
[-        ] process > trim                          -

[-        ] process > get_software_versions         -
[-        ] process > dedup                         -
[-        ] process > remove_synthetic_contaminants -
[-        ] process > trim                          -
[-        ] process > index_foreign_genome          -

[-        ] process > get_software_versions         -
[-        ] process > dedup                         -
[-        ] process > remove_synthetic_contaminants -
[-        ] process > trim                          -
[-        ] process > index_foreign_genome          -
[-        ] process > decontaminate                 -

[-        ] process > get_software_versions         -
[-        ] process > dedup                         -
[-        ] process > remove_synthetic_contaminants -
[-        ] process > trim                          -
[-        ] process > index_foreign_genome          -
[-        ] process > decontaminate                 -
[-        ] process > quality_assessment            -

[-        ] process > get_software_versions         -
[-        ] process > dedup                         -
[-        ] process > remove_synthetic_contaminants -
[-        ] process > trim                          -
[e5/6c7acf] process > index_foreign_genome (1)      [100%] 1 of 1, cached: 1
[-        ] process > decontaminate                 -
[-        ] process > quality_assessment            -
[-        ] process > merge_paired_end_cleaned      -

[78/1205ae] process > get_software_versions          [100%] 1 of 1, cached: 1 ✔
[-        ] process > dedup                          -
[34/cf9107] process > remove_synthetic_contaminan... [100%] 1 of 1, cached: 1 ✔
[-        ] process > trim                           -
[e5/6c7acf] process > index_foreign_genome (1)       [100%] 1 of 1, cached: 1
[-        ] process > decontaminate                  -
[b6/d789c0] process > quality_assessment (DSS_339)   [100%] 1 of 1, cached: 1
[-        ] process > merge_paired_end_cleaned       -

[78/1205ae] process > get_software_versions          [100%] 1 of 1, cached: 1 ✔
[-        ] process > dedup                          -
[34/cf9107] process > remove_synthetic_contaminan... [100%] 1 of 1, cached: 1 ✔
[-        ] process > trim                           -
[e5/6c7acf] process > index_foreign_genome (1)       [100%] 1 of 1, cached: 1 ✔
[-        ] process > decontaminate                  -
[b6/d789c0] process > quality_assessment (DSS_339)   [100%] 1 of 1, cached: 1
[-        ] process > merge_paired_end_cleaned       -
[-        ] process > profile_taxa                   -

[78/1205ae] process > get_software_versions          [100%] 1 of 1, cached: 1 ✔
[-        ] process > dedup                          -
[34/cf9107] process > remove_synthetic_contaminan... [100%] 1 of 1, cached: 1 ✔
[-        ] process > trim                           -
[e5/6c7acf] process > index_foreign_genome (1)       [100%] 1 of 1, cached: 1 ✔
[-        ] process > decontaminate                  -
[b6/d789c0] process > quality_assessment (DSS_339)   [100%] 1 of 1, cached: 1
[-        ] process > merge_paired_end_cleaned       -
[-        ] process > profile_taxa                   -
[-        ] process > profile_function               -
[-        ] process > alpha_diversity                -

[78/1205ae] process > get_software_versions          [100%] 1 of 1, cached: 1 ✔
[-        ] process > dedup                          -
[34/cf9107] process > remove_synthetic_contaminan... [100%] 1 of 1, cached: 1 ✔
[-        ] process > trim                           -
[e5/6c7acf] process > index_foreign_genome (1)       [100%] 1 of 1, cached: 1 ✔
[-        ] process > decontaminate                  -
[b6/d789c0] process > quality_assessment (DSS_339)   [100%] 1 of 1, cached: 1
[-        ] process > merge_paired_end_cleaned       -
[-        ] process > profile_taxa                   -
[-        ] process > profile_function               -
[-        ] process > alpha_diversity                -
[-        ] process > log                            -

[78/1205ae] process > get_software_versions          [100%] 1 of 1, cached: 1 ✔
[-        ] process > dedup                          -
[34/cf9107] process > remove_synthetic_contaminan... [100%] 1 of 1, cached: 1 ✔
[79/38e25d] process > trim (DSS_339)                 [100%] 1 of 1, cached: 1 ✔
[e5/6c7acf] process > index_foreign_genome (1)       [100%] 1 of 1, cached: 1 ✔
[-        ] process > decontaminate                  -
[b6/d789c0] process > quality_assessment (DSS_339)   [100%] 1 of 1, cached: 1
[-        ] process > merge_paired_end_cleaned       -
[-        ] process > profile_taxa                   -
[-        ] process > profile_function               -
[-        ] process > alpha_diversity                -
[-        ] process > log                            -

[78/1205ae] process > get_software_versions          [100%] 1 of 1, cached: 1 ✔
[-        ] process > dedup                          -
[34/cf9107] process > remove_synthetic_contaminan... [100%] 1 of 1, cached: 1 ✔
[79/38e25d] process > trim (DSS_339)                 [100%] 1 of 1, cached: 1 ✔
[e5/6c7acf] process > index_foreign_genome (1)       [100%] 1 of 1, cached: 1 ✔
[72/6c9728] process > decontaminate (DSS_339)        [100%] 1 of 1, cached: 1 ✔
[b6/d789c0] process > quality_assessment (DSS_339)   [100%] 1 of 1, cached: 1
[-        ] process > merge_paired_end_cleaned       -
[-        ] process > profile_taxa                   -
[-        ] process > profile_function               -
[-        ] process > alpha_diversity                -
[-        ] process > log                            -

[78/1205ae] process > get_software_versions          [100%] 1 of 1, cached: 1 ✔
[-        ] process > dedup                          -
[34/cf9107] process > remove_synthetic_contaminan... [100%] 1 of 1, cached: 1 ✔
[79/38e25d] process > trim (DSS_339)                 [100%] 1 of 1, cached: 1 ✔
[e5/6c7acf] process > index_foreign_genome (1)       [100%] 1 of 1, cached: 1 ✔
[72/6c9728] process > decontaminate (DSS_339)        [100%] 1 of 1, cached: 1 ✔
[c6/d3ae1c] process > quality_assessment (DSS_339)   [100%] 2 of 2, cached: 2 ✔
[-        ] process > merge_paired_end_cleaned       -
[93/1b23e8] process > profile_taxa (DSS_339)         [100%] 1 of 1, cached: 1
[-        ] process > profile_function               -
[1e/b48419] process > alpha_diversity (DSS_339)      [100%] 1 of 1, cached: 1
[-        ] process > log                            -

[78/1205ae] process > get_software_versions          [100%] 1 of 1, cached: 1 ✔
[-        ] process > dedup                          -
[34/cf9107] process > remove_synthetic_contaminan... [100%] 1 of 1, cached: 1 ✔
[79/38e25d] process > trim (DSS_339)                 [100%] 1 of 1, cached: 1 ✔
[e5/6c7acf] process > index_foreign_genome (1)       [100%] 1 of 1, cached: 1 ✔
[72/6c9728] process > decontaminate (DSS_339)        [100%] 1 of 1, cached: 1 ✔
[c6/d3ae1c] process > quality_assessment (DSS_339)   [100%] 2 of 2, cached: 2 ✔
[-        ] process > merge_paired_end_cleaned       -
[93/1b23e8] process > profile_taxa (DSS_339)         [100%] 1 of 1, cached: 1 ✔
[-        ] process > profile_function               [  0%] 0 of 1
[1e/b48419] process > alpha_diversity (DSS_339)      [100%] 1 of 1, cached: 1 ✔
[-        ] process > log                            -

[78/1205ae] process > get_software_versions          [100%] 1 of 1, cached: 1 ✔
[-        ] process > dedup                          -
[34/cf9107] process > remove_synthetic_contaminan... [100%] 1 of 1, cached: 1 ✔
[79/38e25d] process > trim (DSS_339)                 [100%] 1 of 1, cached: 1 ✔
[e5/6c7acf] process > index_foreign_genome (1)       [100%] 1 of 1, cached: 1 ✔
[72/6c9728] process > decontaminate (DSS_339)        [100%] 1 of 1, cached: 1 ✔
[c6/d3ae1c] process > quality_assessment (DSS_339)   [100%] 2 of 2, cached: 2 ✔
[-        ] process > merge_paired_end_cleaned       -
[93/1b23e8] process > profile_taxa (DSS_339)         [100%] 1 of 1, cached: 1 ✔
[e4/b22bf4] process > profile_function (DSS_339)     [  0%] 0 of 1
[1e/b48419] process > alpha_diversity (DSS_339)      [100%] 1 of 1, cached: 1 ✔
[-        ] process > log                            -

executor >  local (1)
[78/1205ae] process > get_software_versions          [100%] 1 of 1, cached: 1 ✔
[-        ] process > dedup                          -
[34/cf9107] process > remove_synthetic_contaminan... [100%] 1 of 1, cached: 1 ✔
[79/38e25d] process > trim (DSS_339)                 [100%] 1 of 1, cached: 1 ✔
[e5/6c7acf] process > index_foreign_genome (1)       [100%] 1 of 1, cached: 1 ✔
[72/6c9728] process > decontaminate (DSS_339)        [100%] 1 of 1, cached: 1 ✔
[c6/d3ae1c] process > quality_assessment (DSS_339)   [100%] 2 of 2, cached: 2 ✔
[-        ] process > merge_paired_end_cleaned       -
[93/1b23e8] process > profile_taxa (DSS_339)         [100%] 1 of 1, cached: 1 ✔
[e4/b22bf4] process > profile_function (DSS_339)     [  0%] 0 of 1
[1e/b48419] process > alpha_diversity (DSS_339)      [100%] 1 of 1, cached: 1 ✔
[-        ] process > log                            -

executor >  local (1)
[78/1205ae] process > get_software_versions          [100%] 1 of 1, cached: 1 ✔
[-        ] process > dedup                          -
[34/cf9107] process > remove_synthetic_contaminan... [100%] 1 of 1, cached: 1 ✔
[79/38e25d] process > trim (DSS_339)                 [100%] 1 of 1, cached: 1 ✔
[e5/6c7acf] process > index_foreign_genome (1)       [100%] 1 of 1, cached: 1 ✔
[72/6c9728] process > decontaminate (DSS_339)        [100%] 1 of 1, cached: 1 ✔
[c6/d3ae1c] process > quality_assessment (DSS_339)   [100%] 2 of 2, cached: 2 ✔
[-        ] process > merge_paired_end_cleaned       -
[93/1b23e8] process > profile_taxa (DSS_339)         [100%] 1 of 1, cached: 1 ✔
[e4/b22bf4] process > profile_function (DSS_339)     [100%] 1 of 1 ✔
[1e/b48419] process > alpha_diversity (DSS_339)      [100%] 1 of 1, cached: 1 ✔
[-        ] process > log                            -

executor >  local (2)
[78/1205ae] process > get_software_versions          [100%] 1 of 1, cached: 1 ✔
[-        ] process > dedup                          -
[34/cf9107] process > remove_synthetic_contaminan... [100%] 1 of 1, cached: 1 ✔
[79/38e25d] process > trim (DSS_339)                 [100%] 1 of 1, cached: 1 ✔
[e5/6c7acf] process > index_foreign_genome (1)       [100%] 1 of 1, cached: 1 ✔
[72/6c9728] process > decontaminate (DSS_339)        [100%] 1 of 1, cached: 1 ✔
[c6/d3ae1c] process > quality_assessment (DSS_339)   [100%] 2 of 2, cached: 2 ✔
[-        ] process > merge_paired_end_cleaned       -
[93/1b23e8] process > profile_taxa (DSS_339)         [100%] 1 of 1, cached: 1 ✔
[e4/b22bf4] process > profile_function (DSS_339)     [100%] 1 of 1 ✔
[1e/b48419] process > alpha_diversity (DSS_339)      [100%] 1 of 1, cached: 1 ✔
[89/23c03d] process > log (1)                        [  0%] 0 of 1

executor >  local (2)
[78/1205ae] process > get_software_versions          [100%] 1 of 1, cached: 1 ✔
[-        ] process > dedup                          -
[34/cf9107] process > remove_synthetic_contaminan... [100%] 1 of 1, cached: 1 ✔
[79/38e25d] process > trim (DSS_339)                 [100%] 1 of 1, cached: 1 ✔
[e5/6c7acf] process > index_foreign_genome (1)       [100%] 1 of 1, cached: 1 ✔
[72/6c9728] process > decontaminate (DSS_339)        [100%] 1 of 1, cached: 1 ✔
[c6/d3ae1c] process > quality_assessment (DSS_339)   [100%] 2 of 2, cached: 2 ✔
[-        ] process > merge_paired_end_cleaned       -
[93/1b23e8] process > profile_taxa (DSS_339)         [100%] 1 of 1, cached: 1 ✔
[e4/b22bf4] process > profile_function (DSS_339)     [100%] 1 of 1 ✔
[1e/b48419] process > alpha_diversity (DSS_339)      [100%] 1 of 1, cached: 1 ✔
[89/23c03d] process > log (1)                        [100%] 1 of 1 ✔
Completed at: 19-Sep-2021 02:23:47
Duration    : 3d 16h 33m 22s
CPU hours   : 7'573.5 (43.9% cached)
Succeeded   : 2
Cached      : 9


== End of Job ==
