== This is the scripting step! ==
N E X T F L O W  ~  version 21.04.1
Launching `YAMP.nf` [reverent_goldwasser] - revision: 987380b166
---------------------------------------------
YET ANOTHER METAGENOMIC PIPELINE (YAMP) 
---------------------------------------------

Analysis introspection:


Starting time              : Sun Dec 05 13:30:22 MST 2021
Environment                : 
Pipeline Name              : YAMP
Pipeline Version           : 0.9.5.3
Config Profile             : base,singularity
Resumed                    : true
Nextflow version           : 21.04.1 build 5556 (14-05-2021 15:20 UTC)
Java version               : 1.8.0_91
Java Virtual Machine       : Java HotSpot(TM) 64-Bit Server VM(25.91-b14)
Operating system           : Linux amd64 v3.10.0-957.21.3.el7.x86_64
User name                  : mahshidm@colostate.edu
Container Engine           : singularity
Container                  : [:]
BBmap                      : https://depot.galaxyproject.org/singularity/bbmap:38.87--h1296035_0
FastQC                     : https://depot.galaxyproject.org/singularity/fastqc:0.11.9--0
biobakery                  : biobakery/workflows:3.0.0.a.6.metaphlanv3.0.7
qiime                      : qiime2/core:2020.8
MultiQC                    : https://depot.galaxyproject.org/singularity/multiqc:1.9--py_1
Running parameters         : 
Reads                      : [/scratch/summit/mahshidm@colostate.edu/YAMP5/Raw_Data/DSS_treatedp/DSS_treatedp_S11_R1_001.fastq.gz, /scratch/summit/mahshidm@colostate.edu/YAMP5/Raw_Data/DSS_treatedp/DSS_treatedp_S11_R2_001.fastq.gz]
Prefix                     : DSS_treatedp
Running mode               : complete
Layout                     : Paired-End
Performing de-duplication  : false
Synthetic contaminants     : 
Artefacts                  : /gpfs/summit/scratch/mahshidm@colostate.edu/YAMP5/assets/data/sequencing_artifacts.fa.gz
Phix174ill                 : /gpfs/summit/scratch/mahshidm@colostate.edu/YAMP5/assets/data/phix174_ill.ref.fa.gz
Adapters                   : /gpfs/summit/scratch/mahshidm@colostate.edu/YAMP5/assets/data/adapters.fa
Trimming parameters        : 
Input quality offset       : ASCII+33
Min phred score            : 10
Min length                 : 60
kmer lenght                : 23
Shorter kmer               : 11
Max Hamming distance       : 1
Decontamination parameters : 
Contaminant (pan)genome    : /gpfs/summit/scratch/mahshidm@colostate.edu/YAMP5/assets/data/hg19_main_mask_ribo_animal_allplant_allfungus.fa.gz
Min alignment identity     : 0.95
Max indel length           : 3
Max alignment band         : 0.16
MetaPhlAn parameters       : 
MetaPhlAn database         : /gpfs/summit/scratch/mahshidm@colostate.edu/YAMP5/assets/data/metaphlan_databases/
Bowtie2 options            : very-sensitive
HUMAnN parameters          : 
Chocophlan database        : /gpfs/summit/scratch/mahshidm@colostate.edu/YAMP5/assets/data/chocophlan
Uniref database            : /gpfs/summit/scratch/mahshidm@colostate.edu/YAMP5/assets/data/uniref
Folders                    : 
Output dir                 : Satya
Working dir                : /gpfs/summit/scratch/mahshidm@colostate.edu/YAMP5/work
Script dir                 : /gpfs/summit/scratch/mahshidm@colostate.edu/YAMP5
Lunching dir               : /gpfs/summit/scratch/mahshidm@colostate.edu/YAMP5

[-        ] process > get_software_versions -

[-        ] process > get_software_versions -
[-        ] process > dedup                 -

[-        ] process > get_software_versions -
[-        ] process > dedup                 -

[-        ] process > get_software_versions         -
[-        ] process > dedup                         -
[-        ] process > remove_synthetic_contaminants -
[-        ] process > trim                          -

[-        ] process > get_software_versions         -
[-        ] process > dedup                         -
[-        ] process > remove_synthetic_contaminants -
[-        ] process > trim                          -
[-        ] process > index_foreign_genome          -

[-        ] process > get_software_versions         -
[-        ] process > dedup                         -
[-        ] process > remove_synthetic_contaminants -
[-        ] process > trim                          -
[-        ] process > index_foreign_genome          -
[-        ] process > decontaminate                 -

[-        ] process > get_software_versions         [  0%] 0 of 1
[-        ] process > dedup                         -
[-        ] process > remove_synthetic_contaminants [  0%] 0 of 1
[-        ] process > trim                          -
[-        ] process > index_foreign_genome          [  0%] 0 of 1
[-        ] process > decontaminate                 -
[-        ] process > quality_assessment            -

[-        ] process > get_software_versions         [  0%] 0 of 1
[-        ] process > dedup                         -
[-        ] process > remove_synthetic_contaminants [  0%] 0 of 1
[-        ] process > trim                          -
[-        ] process > index_foreign_genome          [  0%] 0 of 1
[-        ] process > decontaminate                 -
[-        ] process > quality_assessment            [  0%] 0 of 1
[-        ] process > merge_paired_end_cleaned      -

executor >  local (1)
[1f/518e96] process > get_software_versions         [  0%] 0 of 1
[-        ] process > dedup                         -
[-        ] process > remove_synthetic_contaminants [  0%] 0 of 1
[-        ] process > trim                          -
[-        ] process > index_foreign_genome          [  0%] 0 of 1
[-        ] process > decontaminate                 -
[-        ] process > quality_assessment            [  0%] 0 of 1
[-        ] process > merge_paired_end_cleaned      -
[-        ] process > profile_taxa                  -
[-        ] process > profile_function              -

executor >  local (1)
[1f/518e96] process > get_software_versions         [  0%] 0 of 1
[-        ] process > dedup                         -
[-        ] process > remove_synthetic_contaminants [  0%] 0 of 1
[-        ] process > trim                          -
[-        ] process > index_foreign_genome          [  0%] 0 of 1
[-        ] process > decontaminate                 -
[-        ] process > quality_assessment            [  0%] 0 of 1
[-        ] process > merge_paired_end_cleaned      -
[-        ] process > profile_taxa                  -
[-        ] process > profile_function              -
[-        ] process > alpha_diversity               -

executor >  local (1)
[1f/518e96] process > get_software_versions         [  0%] 0 of 1
[-        ] process > dedup                         -
[-        ] process > remove_synthetic_contaminants [  0%] 0 of 1
[-        ] process > trim                          -
[-        ] process > index_foreign_genome          [  0%] 0 of 1
[-        ] process > decontaminate                 -
[-        ] process > quality_assessment            [  0%] 0 of 1
[-        ] process > merge_paired_end_cleaned      -
[-        ] process > profile_taxa                  -
[-        ] process > profile_function              -
[-        ] process > alpha_diversity               -
[-        ] process > log                           -

executor >  local (2)
[1f/518e96] process > get_software_versions         [100%] 1 of 1 ✔
[-        ] process > dedup                         -
[-        ] process > remove_synthetic_contaminants [  0%] 0 of 1
[-        ] process > trim                          -
[6f/f6dfc2] process > index_foreign_genome (1)      [  0%] 0 of 1
[-        ] process > decontaminate                 -
[-        ] process > quality_assessment            [  0%] 0 of 1
[-        ] process > merge_paired_end_cleaned      -
[-        ] process > profile_taxa                  -
[-        ] process > profile_function              -
[-        ] process > alpha_diversity               -
[-        ] process > log                           -

executor >  local (2)
[1f/518e96] process > get_software_versions         [100%] 1 of 1 ✔
[-        ] process > dedup                         -
[-        ] process > remove_synthetic_contaminants [  0%] 0 of 1
[-        ] process > trim                          -
[6f/f6dfc2] process > index_foreign_genome (1)      [  0%] 0 of 1
[-        ] process > decontaminate                 -
[-        ] process > quality_assessment            [  0%] 0 of 1
[-        ] process > merge_paired_end_cleaned      -
[-        ] process > profile_taxa                  -
[-        ] process > profile_function              -
[-        ] process > alpha_diversity               -
[-        ] process > log                           -

executor >  local (3)
[1f/518e96] process > get_software_versions          [100%] 1 of 1 ✔
[-        ] process > dedup                          -
[c1/0d8246] process > remove_synthetic_contaminan... [  0%] 0 of 1
[-        ] process > trim                           -
[6f/f6dfc2] process > index_foreign_genome (1)       [100%] 1 of 1 ✔
[-        ] process > decontaminate                  -
[-        ] process > quality_assessment             [  0%] 0 of 1
[-        ] process > merge_paired_end_cleaned       -
[-        ] process > profile_taxa                   -
[-        ] process > profile_function               -
[-        ] process > alpha_diversity                -
[-        ] process > log                            -

executor >  local (4)
[1f/518e96] process > get_software_versions          [100%] 1 of 1 ✔
[-        ] process > dedup                          -
[c1/0d8246] process > remove_synthetic_contaminan... [100%] 1 of 1 ✔
[-        ] process > trim                           -
[6f/f6dfc2] process > index_foreign_genome (1)       [100%] 1 of 1 ✔
[-        ] process > decontaminate                  -
[08/5592b5] process > quality_assessment (DSS_tre... [  0%] 0 of 1
[-        ] process > merge_paired_end_cleaned       -
[-        ] process > profile_taxa                   -
[-        ] process > profile_function               -
[-        ] process > alpha_diversity                -
[-        ] process > log                            -

executor >  local (4)
[1f/518e96] process > get_software_versions          [100%] 1 of 1 ✔
[-        ] process > dedup                          -
[c1/0d8246] process > remove_synthetic_contaminan... [100%] 1 of 1 ✔
[-        ] process > trim                           [  0%] 0 of 1
[6f/f6dfc2] process > index_foreign_genome (1)       [100%] 1 of 1 ✔
[-        ] process > decontaminate                  -
[08/5592b5] process > quality_assessment (DSS_tre... [  0%] 0 of 1
[-        ] process > merge_paired_end_cleaned       -
[-        ] process > profile_taxa                   -
[-        ] process > profile_function               -
[-        ] process > alpha_diversity                -
[-        ] process > log                            -

executor >  local (5)
[1f/518e96] process > get_software_versions          [100%] 1 of 1 ✔
[-        ] process > dedup                          -
[c1/0d8246] process > remove_synthetic_contaminan... [100%] 1 of 1 ✔
[be/0c1b43] process > trim (DSS_treatedp)            [  0%] 0 of 1
[6f/f6dfc2] process > index_foreign_genome (1)       [100%] 1 of 1 ✔
[-        ] process > decontaminate                  -
[08/5592b5] process > quality_assessment (DSS_tre... [100%] 1 of 1
[-        ] process > merge_paired_end_cleaned       -
[-        ] process > profile_taxa                   -
[-        ] process > profile_function               -
[-        ] process > alpha_diversity                -
[-        ] process > log                            -

executor >  local (5)
[1f/518e96] process > get_software_versions          [100%] 1 of 1 ✔
[-        ] process > dedup                          -
[c1/0d8246] process > remove_synthetic_contaminan... [100%] 1 of 1 ✔
[be/0c1b43] process > trim (DSS_treatedp)            [100%] 1 of 1
[6f/f6dfc2] process > index_foreign_genome (1)       [100%] 1 of 1 ✔
[-        ] process > decontaminate                  -
[08/5592b5] process > quality_assessment (DSS_tre... [100%] 1 of 1
[-        ] process > merge_paired_end_cleaned       -
[-        ] process > profile_taxa                   -
[-        ] process > profile_function               -
[-        ] process > alpha_diversity                -
[-        ] process > log                            -

executor >  local (6)
[1f/518e96] process > get_software_versions          [100%] 1 of 1 ✔
[-        ] process > dedup                          -
[c1/0d8246] process > remove_synthetic_contaminan... [100%] 1 of 1 ✔
[be/0c1b43] process > trim (DSS_treatedp)            [100%] 1 of 1 ✔
[6f/f6dfc2] process > index_foreign_genome (1)       [100%] 1 of 1 ✔
[48/824a8b] process > decontaminate (DSS_treatedp)   [  0%] 0 of 1
[08/5592b5] process > quality_assessment (DSS_tre... [100%] 1 of 1
[-        ] process > merge_paired_end_cleaned       -
[-        ] process > profile_taxa                   -
[-        ] process > profile_function               -
[-        ] process > alpha_diversity                -
[-        ] process > log                            -

executor >  local (7)
[1f/518e96] process > get_software_versions          [100%] 1 of 1 ✔
[-        ] process > dedup                          -
[c1/0d8246] process > remove_synthetic_contaminan... [100%] 1 of 1 ✔
[be/0c1b43] process > trim (DSS_treatedp)            [100%] 1 of 1 ✔
[6f/f6dfc2] process > index_foreign_genome (1)       [100%] 1 of 1 ✔
[48/824a8b] process > decontaminate (DSS_treatedp)   [100%] 1 of 1 ✔
[ba/4dce25] process > quality_assessment (DSS_tre... [ 50%] 1 of 2
[-        ] process > merge_paired_end_cleaned       -
[-        ] process > profile_taxa                   -
[-        ] process > profile_function               -
[-        ] process > alpha_diversity                -
[-        ] process > log                            -

executor >  local (7)
[1f/518e96] process > get_software_versions          [100%] 1 of 1 ✔
[-        ] process > dedup                          -
[c1/0d8246] process > remove_synthetic_contaminan... [100%] 1 of 1 ✔
[be/0c1b43] process > trim (DSS_treatedp)            [100%] 1 of 1 ✔
[6f/f6dfc2] process > index_foreign_genome (1)       [100%] 1 of 1 ✔
[48/824a8b] process > decontaminate (DSS_treatedp)   [100%] 1 of 1 ✔
[ba/4dce25] process > quality_assessment (DSS_tre... [ 50%] 1 of 2
[-        ] process > merge_paired_end_cleaned       -
[-        ] process > profile_taxa                   [  0%] 0 of 1
[-        ] process > profile_function               -
[-        ] process > alpha_diversity                -
[-        ] process > log                            -

executor >  local (8)
[1f/518e96] process > get_software_versions          [100%] 1 of 1 ✔
[-        ] process > dedup                          -
[c1/0d8246] process > remove_synthetic_contaminan... [100%] 1 of 1 ✔
[be/0c1b43] process > trim (DSS_treatedp)            [100%] 1 of 1 ✔
[6f/f6dfc2] process > index_foreign_genome (1)       [100%] 1 of 1 ✔
[48/824a8b] process > decontaminate (DSS_treatedp)   [100%] 1 of 1 ✔
[ba/4dce25] process > quality_assessment (DSS_tre... [100%] 2 of 2 ✔
[-        ] process > merge_paired_end_cleaned       -
[9c/174673] process > profile_taxa (DSS_treatedp)    [  0%] 0 of 1
[-        ] process > profile_function               -
[-        ] process > alpha_diversity                -
[-        ] process > log                            -

executor >  local (8)
[1f/518e96] process > get_software_versions          [100%] 1 of 1 ✔
[-        ] process > dedup                          -
[c1/0d8246] process > remove_synthetic_contaminan... [100%] 1 of 1 ✔
[be/0c1b43] process > trim (DSS_treatedp)            [100%] 1 of 1 ✔
[6f/f6dfc2] process > index_foreign_genome (1)       [100%] 1 of 1 ✔
[48/824a8b] process > decontaminate (DSS_treatedp)   [100%] 1 of 1 ✔
[ba/4dce25] process > quality_assessment (DSS_tre... [100%] 2 of 2 ✔
[-        ] process > merge_paired_end_cleaned       -
[9c/174673] process > profile_taxa (DSS_treatedp)    [  0%] 0 of 1
[-        ] process > profile_function               -
[-        ] process > alpha_diversity                -
[-        ] process > log                            -

executor >  local (9)
[1f/518e96] process > get_software_versions          [100%] 1 of 1 ✔
[-        ] process > dedup                          -
[c1/0d8246] process > remove_synthetic_contaminan... [100%] 1 of 1 ✔
[be/0c1b43] process > trim (DSS_treatedp)            [100%] 1 of 1 ✔
[6f/f6dfc2] process > index_foreign_genome (1)       [100%] 1 of 1 ✔
[48/824a8b] process > decontaminate (DSS_treatedp)   [100%] 1 of 1 ✔
[ba/4dce25] process > quality_assessment (DSS_tre... [100%] 2 of 2 ✔
[-        ] process > merge_paired_end_cleaned       -
[9c/174673] process > profile_taxa (DSS_treatedp)    [100%] 1 of 1 ✔
[-        ] process > profile_function               [  0%] 0 of 1
[35/dd0ec0] process > alpha_diversity (DSS_treatedp) [  0%] 0 of 1
[-        ] process > log                            -

executor >  local (10)
[1f/518e96] process > get_software_versions          [100%] 1 of 1 ✔
[-        ] process > dedup                          -
[c1/0d8246] process > remove_synthetic_contaminan... [100%] 1 of 1 ✔
[be/0c1b43] process > trim (DSS_treatedp)            [100%] 1 of 1 ✔
[6f/f6dfc2] process > index_foreign_genome (1)       [100%] 1 of 1 ✔
[48/824a8b] process > decontaminate (DSS_treatedp)   [100%] 1 of 1 ✔
[ba/4dce25] process > quality_assessment (DSS_tre... [100%] 2 of 2 ✔
[-        ] process > merge_paired_end_cleaned       -
[9c/174673] process > profile_taxa (DSS_treatedp)    [100%] 1 of 1 ✔
[1d/9a33b8] process > profile_function (DSS_treat... [  0%] 0 of 1
[35/dd0ec0] process > alpha_diversity (DSS_treatedp) [100%] 1 of 1 ✔
[-        ] process > log                            -

executor >  local (10)
[1f/518e96] process > get_software_versions          [100%] 1 of 1 ✔
[-        ] process > dedup                          -
[c1/0d8246] process > remove_synthetic_contaminan... [100%] 1 of 1 ✔
[be/0c1b43] process > trim (DSS_treatedp)            [100%] 1 of 1 ✔
[6f/f6dfc2] process > index_foreign_genome (1)       [100%] 1 of 1 ✔
[48/824a8b] process > decontaminate (DSS_treatedp)   [100%] 1 of 1 ✔
[ba/4dce25] process > quality_assessment (DSS_tre... [100%] 2 of 2 ✔
[-        ] process > merge_paired_end_cleaned       -
[9c/174673] process > profile_taxa (DSS_treatedp)    [100%] 1 of 1 ✔
[1d/9a33b8] process > profile_function (DSS_treat... [  0%] 0 of 1
[35/dd0ec0] process > alpha_diversity (DSS_treatedp) [100%] 1 of 1 ✔
[-        ] process > log                            -

executor >  local (10)
[1f/518e96] process > get_software_versions          [100%] 1 of 1 ✔
[-        ] process > dedup                          -
[c1/0d8246] process > remove_synthetic_contaminan... [100%] 1 of 1 ✔
[be/0c1b43] process > trim (DSS_treatedp)            [100%] 1 of 1 ✔
[6f/f6dfc2] process > index_foreign_genome (1)       [100%] 1 of 1 ✔
[48/824a8b] process > decontaminate (DSS_treatedp)   [100%] 1 of 1 ✔
[ba/4dce25] process > quality_assessment (DSS_tre... [100%] 2 of 2 ✔
[-        ] process > merge_paired_end_cleaned       -
[9c/174673] process > profile_taxa (DSS_treatedp)    [100%] 1 of 1 ✔
[1d/9a33b8] process > profile_function (DSS_treat... [100%] 1 of 1 ✔
[35/dd0ec0] process > alpha_diversity (DSS_treatedp) [100%] 1 of 1 ✔
[-        ] process > log                            [  0%] 0 of 1

executor >  local (11)
[1f/518e96] process > get_software_versions          [100%] 1 of 1 ✔
[-        ] process > dedup                          -
[c1/0d8246] process > remove_synthetic_contaminan... [100%] 1 of 1 ✔
[be/0c1b43] process > trim (DSS_treatedp)            [100%] 1 of 1 ✔
[6f/f6dfc2] process > index_foreign_genome (1)       [100%] 1 of 1 ✔
[48/824a8b] process > decontaminate (DSS_treatedp)   [100%] 1 of 1 ✔
[ba/4dce25] process > quality_assessment (DSS_tre... [100%] 2 of 2 ✔
[-        ] process > merge_paired_end_cleaned       -
[9c/174673] process > profile_taxa (DSS_treatedp)    [100%] 1 of 1 ✔
[1d/9a33b8] process > profile_function (DSS_treat... [100%] 1 of 1 ✔
[35/dd0ec0] process > alpha_diversity (DSS_treatedp) [100%] 1 of 1 ✔
[7c/9767ad] process > log (1)                        [  0%] 0 of 1

executor >  local (11)
[1f/518e96] process > get_software_versions          [100%] 1 of 1 ✔
[-        ] process > dedup                          -
[c1/0d8246] process > remove_synthetic_contaminan... [100%] 1 of 1 ✔
[be/0c1b43] process > trim (DSS_treatedp)            [100%] 1 of 1 ✔
[6f/f6dfc2] process > index_foreign_genome (1)       [100%] 1 of 1 ✔
[48/824a8b] process > decontaminate (DSS_treatedp)   [100%] 1 of 1 ✔
[ba/4dce25] process > quality_assessment (DSS_tre... [100%] 2 of 2 ✔
[-        ] process > merge_paired_end_cleaned       -
[9c/174673] process > profile_taxa (DSS_treatedp)    [100%] 1 of 1 ✔
[1d/9a33b8] process > profile_function (DSS_treat... [100%] 1 of 1 ✔
[35/dd0ec0] process > alpha_diversity (DSS_treatedp) [100%] 1 of 1 ✔
[7c/9767ad] process > log (1)                        [100%] 1 of 1 ✔

executor >  local (11)
[1f/518e96] process > get_software_versions          [100%] 1 of 1 ✔
[-        ] process > dedup                          -
[c1/0d8246] process > remove_synthetic_contaminan... [100%] 1 of 1 ✔
[be/0c1b43] process > trim (DSS_treatedp)            [100%] 1 of 1 ✔
[6f/f6dfc2] process > index_foreign_genome (1)       [100%] 1 of 1 ✔
[48/824a8b] process > decontaminate (DSS_treatedp)   [100%] 1 of 1 ✔
[ba/4dce25] process > quality_assessment (DSS_tre... [100%] 2 of 2 ✔
[-        ] process > merge_paired_end_cleaned       -
[9c/174673] process > profile_taxa (DSS_treatedp)    [100%] 1 of 1 ✔
[1d/9a33b8] process > profile_function (DSS_treat... [100%] 1 of 1 ✔
[35/dd0ec0] process > alpha_diversity (DSS_treatedp) [100%] 1 of 1 ✔
[7c/9767ad] process > log (1)                        [100%] 1 of 1 ✔
Completed at: 10-Dec-2021 16:27:04
Duration    : 5d 2h 56m 52s
CPU hours   : 5'901.0
Succeeded   : 11


== End of Job ==
