== This is the scripting step! ==
N E X T F L O W  ~  version 21.04.1
Launching `YAMP.nf` [awesome_picasso] - revision: 987380b166
---------------------------------------------
YET ANOTHER METAGENOMIC PIPELINE (YAMP) 
---------------------------------------------

Analysis introspection:


Starting time              : Wed Oct 20 22:14:32 MDT 2021
Environment                : 
Pipeline Name              : YAMP
Pipeline Version           : 0.9.5.3
Config Profile             : base,singularity
Resumed                    : true
Nextflow version           : 21.04.1 build 5556 (14-05-2021 15:20 UTC)
Java version               : 1.8.0_91
Java Virtual Machine       : Java HotSpot(TM) 64-Bit Server VM(25.91-b14)
Operating system           : Linux amd64 v3.10.0-957.21.3.el7.x86_64
User name                  : parsa96@colostate.edu
Container Engine           : singularity
Container                  : [:]
BBmap                      : https://depot.galaxyproject.org/singularity/bbmap:38.87--h1296035_0
FastQC                     : https://depot.galaxyproject.org/singularity/fastqc:0.11.9--0
biobakery                  : biobakery/workflows:3.0.0.a.6.metaphlanv3.0.7
qiime                      : qiime2/core:2020.8
MultiQC                    : https://depot.galaxyproject.org/singularity/multiqc:1.9--py_1
Running parameters         : 
Reads                      : [/scratch/summit/parsa96@colostate.edu/YAMP/YAMP/Raw_Data/RCE_322/RCE_322_S12_R1_001.fastq.gz, /scratch/summit/parsa96@colostate.edu/YAMP/YAMP/Raw_Data/RCE_322/RCE_322_S12_R2_001.fastq.gz]
Prefix                     : RCE_322
Running mode               : complete
Layout                     : Paired-End
Performing de-duplication  : false
Synthetic contaminants     : 
Artefacts                  : /gpfs/summit/scratch/parsa96@colostate.edu/YAMP/YAMP/assets/data/sequencing_artifacts.fa.gz
Phix174ill                 : /gpfs/summit/scratch/parsa96@colostate.edu/YAMP/YAMP/assets/data/phix174_ill.ref.fa.gz
Adapters                   : /gpfs/summit/scratch/parsa96@colostate.edu/YAMP/YAMP/assets/data/adapters.fa
Trimming parameters        : 
Input quality offset       : ASCII+33
Min phred score            : 10
Min length                 : 60
kmer lenght                : 23
Shorter kmer               : 11
Max Hamming distance       : 1
Decontamination parameters : 
Contaminant (pan)genome    : /gpfs/summit/scratch/parsa96@colostate.edu/YAMP/YAMP/assets/data/hg19_main_mask_ribo_animal_allplant_allfungus.fa.gz
Min alignment identity     : 0.95
Max indel length           : 3
Max alignment band         : 0.16
MetaPhlAn parameters       : 
MetaPhlAn database         : /gpfs/summit/scratch/parsa96@colostate.edu/YAMP/YAMP/assets/data/metaphlan_databases/
Bowtie2 options            : very-sensitive
HUMAnN parameters          : 
Chocophlan database        : /gpfs/summit/scratch/parsa96@colostate.edu/YAMP/YAMP/assets/data/chocophlan
Uniref database            : /gpfs/summit/scratch/parsa96@colostate.edu/YAMP/YAMP/assets/data/uniref
Folders                    : 
Output dir                 : Satya
Working dir                : /gpfs/summit/scratch/parsa96@colostate.edu/YAMP/YAMP/work
Script dir                 : /gpfs/summit/scratch/parsa96@colostate.edu/YAMP/YAMP
Lunching dir               : /gpfs/summit/scratch/parsa96@colostate.edu/YAMP/YAMP

[-        ] process > get_software_versions -

[-        ] process > get_software_versions -
[-        ] process > dedup                 -

[-        ] process > get_software_versions -
[-        ] process > dedup                 -

[-        ] process > get_software_versions         -
[-        ] process > dedup                         -
[-        ] process > remove_synthetic_contaminants -
[-        ] process > trim                          -

[-        ] process > get_software_versions         -
[-        ] process > dedup                         -
[-        ] process > remove_synthetic_contaminants -
[-        ] process > trim                          -
[-        ] process > index_foreign_genome          -
[-        ] process > decontaminate                 -

[-        ] process > get_software_versions         -
[-        ] process > dedup                         -
[-        ] process > remove_synthetic_contaminants [  0%] 0 of 1
[-        ] process > trim                          -
[-        ] process > index_foreign_genome          -
[-        ] process > decontaminate                 -
[-        ] process > quality_assessment            -

[-        ] process > get_software_versions         -
[-        ] process > dedup                         -
[-        ] process > remove_synthetic_contaminants [  0%] 0 of 1
[-        ] process > trim                          -
[-        ] process > index_foreign_genome          -
[-        ] process > decontaminate                 -
[-        ] process > quality_assessment            [  0%] 0 of 1
[-        ] process > merge_paired_end_cleaned      -

[-        ] process > get_software_versions         -
[-        ] process > dedup                         -
[-        ] process > remove_synthetic_contaminants [  0%] 0 of 1
[-        ] process > trim                          -
[-        ] process > index_foreign_genome          -
[-        ] process > decontaminate                 -
[-        ] process > quality_assessment            [  0%] 0 of 1
[-        ] process > merge_paired_end_cleaned      -
[-        ] process > profile_taxa                  -

executor >  local (1)
[78/1205ae] process > get_software_versions          [100%] 1 of 1, cached: 1 ✔
[-        ] process > dedup                          -
[9e/2b09cd] process > remove_synthetic_contaminan... [  0%] 0 of 1
[-        ] process > trim                           -
[e5/6c7acf] process > index_foreign_genome (1)       [100%] 1 of 1, cached: 1
[-        ] process > decontaminate                  -
[-        ] process > quality_assessment             [  0%] 0 of 1
[-        ] process > merge_paired_end_cleaned       -
[-        ] process > profile_taxa                   -
[-        ] process > profile_function               -

executor >  local (1)
[78/1205ae] process > get_software_versions          [100%] 1 of 1, cached: 1 ✔
[-        ] process > dedup                          -
[9e/2b09cd] process > remove_synthetic_contaminan... [  0%] 0 of 1
[-        ] process > trim                           -
[e5/6c7acf] process > index_foreign_genome (1)       [100%] 1 of 1, cached: 1 ✔
[-        ] process > decontaminate                  -
[-        ] process > quality_assessment             [  0%] 0 of 1
[-        ] process > merge_paired_end_cleaned       -
[-        ] process > profile_taxa                   -
[-        ] process > profile_function               -
[-        ] process > alpha_diversity                -

executor >  local (1)
[78/1205ae] process > get_software_versions          [100%] 1 of 1, cached: 1 ✔
[-        ] process > dedup                          -
[9e/2b09cd] process > remove_synthetic_contaminan... [  0%] 0 of 1
[-        ] process > trim                           -
[e5/6c7acf] process > index_foreign_genome (1)       [100%] 1 of 1, cached: 1 ✔
[-        ] process > decontaminate                  -
[-        ] process > quality_assessment             [  0%] 0 of 1
[-        ] process > merge_paired_end_cleaned       -
[-        ] process > profile_taxa                   -
[-        ] process > profile_function               -
[-        ] process > alpha_diversity                -
[-        ] process > log                            -

executor >  local (2)
[78/1205ae] process > get_software_versions          [100%] 1 of 1, cached: 1 ✔
[-        ] process > dedup                          -
[9e/2b09cd] process > remove_synthetic_contaminan... [  0%] 0 of 1
[-        ] process > trim                           -
[e5/6c7acf] process > index_foreign_genome (1)       [100%] 1 of 1, cached: 1 ✔
[-        ] process > decontaminate                  -
[11/86e1dc] process > quality_assessment (RCE_322)   [  0%] 0 of 1
[-        ] process > merge_paired_end_cleaned       -
[-        ] process > profile_taxa                   -
[-        ] process > profile_function               -
[-        ] process > alpha_diversity                -
[-        ] process > log                            -

executor >  local (2)
[78/1205ae] process > get_software_versions          [100%] 1 of 1, cached: 1 ✔
[-        ] process > dedup                          -
[9e/2b09cd] process > remove_synthetic_contaminan... [100%] 1 of 1 ✔
[-        ] process > trim                           -
[e5/6c7acf] process > index_foreign_genome (1)       [100%] 1 of 1, cached: 1 ✔
[-        ] process > decontaminate                  -
[11/86e1dc] process > quality_assessment (RCE_322)   [  0%] 0 of 1
[-        ] process > merge_paired_end_cleaned       -
[-        ] process > profile_taxa                   -
[-        ] process > profile_function               -
[-        ] process > alpha_diversity                -
[-        ] process > log                            -

executor >  local (2)
[78/1205ae] process > get_software_versions          [100%] 1 of 1, cached: 1 ✔
[-        ] process > dedup                          -
[9e/2b09cd] process > remove_synthetic_contaminan... [100%] 1 of 1 ✔
[-        ] process > trim                           [  0%] 0 of 1
[e5/6c7acf] process > index_foreign_genome (1)       [100%] 1 of 1, cached: 1 ✔
[-        ] process > decontaminate                  -
[11/86e1dc] process > quality_assessment (RCE_322)   [  0%] 0 of 1
[-        ] process > merge_paired_end_cleaned       -
[-        ] process > profile_taxa                   -
[-        ] process > profile_function               -
[-        ] process > alpha_diversity                -
[-        ] process > log                            -

executor >  local (3)
[78/1205ae] process > get_software_versions          [100%] 1 of 1, cached: 1 ✔
[-        ] process > dedup                          -
[9e/2b09cd] process > remove_synthetic_contaminan... [100%] 1 of 1 ✔
[a6/c80390] process > trim (RCE_322)                 [  0%] 0 of 1
[e5/6c7acf] process > index_foreign_genome (1)       [100%] 1 of 1, cached: 1 ✔
[-        ] process > decontaminate                  -
[11/86e1dc] process > quality_assessment (RCE_322)   [100%] 1 of 1
[-        ] process > merge_paired_end_cleaned       -
[-        ] process > profile_taxa                   -
[-        ] process > profile_function               -
[-        ] process > alpha_diversity                -
[-        ] process > log                            -

executor >  local (3)
[78/1205ae] process > get_software_versions          [100%] 1 of 1, cached: 1 ✔
[-        ] process > dedup                          -
[9e/2b09cd] process > remove_synthetic_contaminan... [100%] 1 of 1 ✔
[a6/c80390] process > trim (RCE_322)                 [100%] 1 of 1 ✔
[e5/6c7acf] process > index_foreign_genome (1)       [100%] 1 of 1, cached: 1 ✔
[-        ] process > decontaminate                  -
[11/86e1dc] process > quality_assessment (RCE_322)   [100%] 1 of 1
[-        ] process > merge_paired_end_cleaned       -
[-        ] process > profile_taxa                   -
[-        ] process > profile_function               -
[-        ] process > alpha_diversity                -
[-        ] process > log                            -

executor >  local (4)
[78/1205ae] process > get_software_versions          [100%] 1 of 1, cached: 1 ✔
[-        ] process > dedup                          -
[9e/2b09cd] process > remove_synthetic_contaminan... [100%] 1 of 1 ✔
[a6/c80390] process > trim (RCE_322)                 [100%] 1 of 1 ✔
[e5/6c7acf] process > index_foreign_genome (1)       [100%] 1 of 1, cached: 1 ✔
[04/df12c6] process > decontaminate (RCE_322)        [  0%] 0 of 1
[11/86e1dc] process > quality_assessment (RCE_322)   [100%] 1 of 1
[-        ] process > merge_paired_end_cleaned       -
[-        ] process > profile_taxa                   -
[-        ] process > profile_function               -
[-        ] process > alpha_diversity                -
[-        ] process > log                            -

executor >  local (4)
[78/1205ae] process > get_software_versions          [100%] 1 of 1, cached: 1 ✔
[-        ] process > dedup                          -
[9e/2b09cd] process > remove_synthetic_contaminan... [100%] 1 of 1 ✔
[a6/c80390] process > trim (RCE_322)                 [100%] 1 of 1 ✔
[e5/6c7acf] process > index_foreign_genome (1)       [100%] 1 of 1, cached: 1 ✔
[04/df12c6] process > decontaminate (RCE_322)        [100%] 1 of 1
[11/86e1dc] process > quality_assessment (RCE_322)   [ 50%] 1 of 2
[-        ] process > merge_paired_end_cleaned       -
[-        ] process > profile_taxa                   [  0%] 0 of 1
[-        ] process > profile_function               -
[-        ] process > alpha_diversity                -
[-        ] process > log                            -

executor >  local (5)
[78/1205ae] process > get_software_versions          [100%] 1 of 1, cached: 1 ✔
[-        ] process > dedup                          -
[9e/2b09cd] process > remove_synthetic_contaminan... [100%] 1 of 1 ✔
[a6/c80390] process > trim (RCE_322)                 [100%] 1 of 1 ✔
[e5/6c7acf] process > index_foreign_genome (1)       [100%] 1 of 1, cached: 1 ✔
[04/df12c6] process > decontaminate (RCE_322)        [100%] 1 of 1 ✔
[33/9ccfbc] process > quality_assessment (RCE_322)   [ 50%] 1 of 2
[-        ] process > merge_paired_end_cleaned       -
[-        ] process > profile_taxa                   [  0%] 0 of 1
[-        ] process > profile_function               -
[-        ] process > alpha_diversity                -
[-        ] process > log                            -

executor >  local (6)
[78/1205ae] process > get_software_versions          [100%] 1 of 1, cached: 1 ✔
[-        ] process > dedup                          -
[9e/2b09cd] process > remove_synthetic_contaminan... [100%] 1 of 1 ✔
[a6/c80390] process > trim (RCE_322)                 [100%] 1 of 1 ✔
[e5/6c7acf] process > index_foreign_genome (1)       [100%] 1 of 1, cached: 1 ✔
[04/df12c6] process > decontaminate (RCE_322)        [100%] 1 of 1 ✔
[33/9ccfbc] process > quality_assessment (RCE_322)   [100%] 2 of 2 ✔
[-        ] process > merge_paired_end_cleaned       -
[1c/e20bb4] process > profile_taxa (RCE_322)         [  0%] 0 of 1
[-        ] process > profile_function               -
[-        ] process > alpha_diversity                -
[-        ] process > log                            -

executor >  local (7)
[78/1205ae] process > get_software_versions          [100%] 1 of 1, cached: 1 ✔
[-        ] process > dedup                          -
[9e/2b09cd] process > remove_synthetic_contaminan... [100%] 1 of 1 ✔
[a6/c80390] process > trim (RCE_322)                 [100%] 1 of 1 ✔
[e5/6c7acf] process > index_foreign_genome (1)       [100%] 1 of 1, cached: 1 ✔
[04/df12c6] process > decontaminate (RCE_322)        [100%] 1 of 1 ✔
[33/9ccfbc] process > quality_assessment (RCE_322)   [100%] 2 of 2 ✔
[-        ] process > merge_paired_end_cleaned       -
[1c/e20bb4] process > profile_taxa (RCE_322)         [100%] 1 of 1 ✔
[-        ] process > profile_function               [  0%] 0 of 1
[db/7fdf4c] process > alpha_diversity (RCE_322)      [  0%] 0 of 1
[-        ] process > log                            -

executor >  local (7)
[78/1205ae] process > get_software_versions          [100%] 1 of 1, cached: 1 ✔
[-        ] process > dedup                          -
[9e/2b09cd] process > remove_synthetic_contaminan... [100%] 1 of 1 ✔
[a6/c80390] process > trim (RCE_322)                 [100%] 1 of 1 ✔
[e5/6c7acf] process > index_foreign_genome (1)       [100%] 1 of 1, cached: 1 ✔
[04/df12c6] process > decontaminate (RCE_322)        [100%] 1 of 1 ✔
[33/9ccfbc] process > quality_assessment (RCE_322)   [100%] 2 of 2 ✔
[-        ] process > merge_paired_end_cleaned       -
[1c/e20bb4] process > profile_taxa (RCE_322)         [100%] 1 of 1 ✔
[-        ] process > profile_function               [  0%] 0 of 1
[db/7fdf4c] process > alpha_diversity (RCE_322)      [  0%] 0 of 1
[-        ] process > log                            -

executor >  local (7)
[78/1205ae] process > get_software_versions          [100%] 1 of 1, cached: 1 ✔
[-        ] process > dedup                          -
[9e/2b09cd] process > remove_synthetic_contaminan... [100%] 1 of 1 ✔
[a6/c80390] process > trim (RCE_322)                 [100%] 1 of 1 ✔
[e5/6c7acf] process > index_foreign_genome (1)       [100%] 1 of 1, cached: 1 ✔
[04/df12c6] process > decontaminate (RCE_322)        [100%] 1 of 1 ✔
[33/9ccfbc] process > quality_assessment (RCE_322)   [100%] 2 of 2 ✔
[-        ] process > merge_paired_end_cleaned       -
[1c/e20bb4] process > profile_taxa (RCE_322)         [100%] 1 of 1 ✔
[-        ] process > profile_function               [  0%] 0 of 1
[db/7fdf4c] process > alpha_diversity (RCE_322)      [100%] 1 of 1 ✔
[-        ] process > log                            -

executor >  local (8)
[78/1205ae] process > get_software_versions          [100%] 1 of 1, cached: 1 ✔
[-        ] process > dedup                          -
[9e/2b09cd] process > remove_synthetic_contaminan... [100%] 1 of 1 ✔
[a6/c80390] process > trim (RCE_322)                 [100%] 1 of 1 ✔
[e5/6c7acf] process > index_foreign_genome (1)       [100%] 1 of 1, cached: 1 ✔
[04/df12c6] process > decontaminate (RCE_322)        [100%] 1 of 1 ✔
[33/9ccfbc] process > quality_assessment (RCE_322)   [100%] 2 of 2 ✔
[-        ] process > merge_paired_end_cleaned       -
[1c/e20bb4] process > profile_taxa (RCE_322)         [100%] 1 of 1 ✔
[3e/4bc5d5] process > profile_function (RCE_322)     [  0%] 0 of 1
[db/7fdf4c] process > alpha_diversity (RCE_322)      [100%] 1 of 1 ✔
[-        ] process > log                            -

executor >  local (8)
[78/1205ae] process > get_software_versions          [100%] 1 of 1, cached: 1 ✔
[-        ] process > dedup                          -
[9e/2b09cd] process > remove_synthetic_contaminan... [100%] 1 of 1 ✔
[a6/c80390] process > trim (RCE_322)                 [100%] 1 of 1 ✔
[e5/6c7acf] process > index_foreign_genome (1)       [100%] 1 of 1, cached: 1 ✔
[04/df12c6] process > decontaminate (RCE_322)        [100%] 1 of 1 ✔
[33/9ccfbc] process > quality_assessment (RCE_322)   [100%] 2 of 2 ✔
[-        ] process > merge_paired_end_cleaned       -
[1c/e20bb4] process > profile_taxa (RCE_322)         [100%] 1 of 1 ✔
[3e/4bc5d5] process > profile_function (RCE_322)     [100%] 1 of 1 ✔
[db/7fdf4c] process > alpha_diversity (RCE_322)      [100%] 1 of 1 ✔
[-        ] process > log                            [  0%] 0 of 1

executor >  local (9)
[78/1205ae] process > get_software_versions          [100%] 1 of 1, cached: 1 ✔
[-        ] process > dedup                          -
[9e/2b09cd] process > remove_synthetic_contaminan... [100%] 1 of 1 ✔
[a6/c80390] process > trim (RCE_322)                 [100%] 1 of 1 ✔
[e5/6c7acf] process > index_foreign_genome (1)       [100%] 1 of 1, cached: 1 ✔
[04/df12c6] process > decontaminate (RCE_322)        [100%] 1 of 1 ✔
[33/9ccfbc] process > quality_assessment (RCE_322)   [100%] 2 of 2 ✔
[-        ] process > merge_paired_end_cleaned       -
[1c/e20bb4] process > profile_taxa (RCE_322)         [100%] 1 of 1 ✔
[3e/4bc5d5] process > profile_function (RCE_322)     [100%] 1 of 1 ✔
[db/7fdf4c] process > alpha_diversity (RCE_322)      [100%] 1 of 1 ✔
[56/f14e76] process > log (1)                        [  0%] 0 of 1

executor >  local (9)
[78/1205ae] process > get_software_versions          [100%] 1 of 1, cached: 1 ✔
[-        ] process > dedup                          -
[9e/2b09cd] process > remove_synthetic_contaminan... [100%] 1 of 1 ✔
[a6/c80390] process > trim (RCE_322)                 [100%] 1 of 1 ✔
[e5/6c7acf] process > index_foreign_genome (1)       [100%] 1 of 1, cached: 1 ✔
[04/df12c6] process > decontaminate (RCE_322)        [100%] 1 of 1 ✔
[33/9ccfbc] process > quality_assessment (RCE_322)   [100%] 2 of 2 ✔
[-        ] process > merge_paired_end_cleaned       -
[1c/e20bb4] process > profile_taxa (RCE_322)         [100%] 1 of 1 ✔
[3e/4bc5d5] process > profile_function (RCE_322)     [100%] 1 of 1 ✔
[db/7fdf4c] process > alpha_diversity (RCE_322)      [100%] 1 of 1 ✔
[56/f14e76] process > log (1)                        [100%] 1 of 1 ✔

executor >  local (9)
[78/1205ae] process > get_software_versions          [100%] 1 of 1, cached: 1 ✔
[-        ] process > dedup                          -
[9e/2b09cd] process > remove_synthetic_contaminan... [100%] 1 of 1 ✔
[a6/c80390] process > trim (RCE_322)                 [100%] 1 of 1 ✔
[e5/6c7acf] process > index_foreign_genome (1)       [100%] 1 of 1, cached: 1 ✔
[04/df12c6] process > decontaminate (RCE_322)        [100%] 1 of 1 ✔
[33/9ccfbc] process > quality_assessment (RCE_322)   [100%] 2 of 2 ✔
[-        ] process > merge_paired_end_cleaned       -
[1c/e20bb4] process > profile_taxa (RCE_322)         [100%] 1 of 1 ✔
[3e/4bc5d5] process > profile_function (RCE_322)     [100%] 1 of 1 ✔
[db/7fdf4c] process > alpha_diversity (RCE_322)      [100%] 1 of 1 ✔
[56/f14e76] process > log (1)                        [100%] 1 of 1 ✔
Completed at: 27-Oct-2021 04:19:01
Duration    : 6d 6h 4m 38s
CPU hours   : 7'113.2 (0.2% cached)
Succeeded   : 9
Cached      : 2


== End of Job ==
