== This is the scripting step! ==
N E X T F L O W  ~  version 21.04.1
Launching `YAMP.nf` [focused_kare] - revision: 987380b166
---------------------------------------------
YET ANOTHER METAGENOMIC PIPELINE (YAMP) 
---------------------------------------------

Analysis introspection:


Starting time              : Thu Dec 09 08:41:52 MST 2021
Environment                : 
Pipeline Name              : YAMP
Pipeline Version           : 0.9.5.3
Config Profile             : base,singularity
Resumed                    : true
Nextflow version           : 21.04.1 build 5556 (14-05-2021 15:20 UTC)
Java version               : 1.8.0_91
Java Virtual Machine       : Java HotSpot(TM) 64-Bit Server VM(25.91-b14)
Operating system           : Linux amd64 v3.10.0-957.21.3.el7.x86_64
User name                  : parsa96@colostate.edu
Container Engine           : singularity
Container                  : [:]
BBmap                      : https://depot.galaxyproject.org/singularity/bbmap:38.87--h1296035_0
FastQC                     : https://depot.galaxyproject.org/singularity/fastqc:0.11.9--0
biobakery                  : biobakery/workflows:3.0.0.a.6.metaphlanv3.0.7
qiime                      : qiime2/core:2020.8
MultiQC                    : https://depot.galaxyproject.org/singularity/multiqc:1.9--py_1
Running parameters         : 
Reads                      : [/scratch/summit/parsa96@colostate.edu/YAMP/YAMP_Standard/YAMP/Raw_Data/RCE_plus_DSS_301/RCE_plus_DSS_301_S17_R1_001.fastq.gz, /scratch/summit/parsa96@colostate.edu/YAMP/YAMP_Standard/YAMP/Raw_Data/RCE_plus_DSS_301/RCE_plus_DSS_301_S17_R2_001.fastq.gz]
Prefix                     : RCE_plus_DSS_301
Running mode               : complete
Layout                     : Paired-End
Performing de-duplication  : false
Synthetic contaminants     : 
Artefacts                  : /gpfs/summit/scratch/parsa96@colostate.edu/YAMP/YAMP_Standard/YAMP/assets/data/sequencing_artifacts.fa.gz
Phix174ill                 : /gpfs/summit/scratch/parsa96@colostate.edu/YAMP/YAMP_Standard/YAMP/assets/data/phix174_ill.ref.fa.gz
Adapters                   : /gpfs/summit/scratch/parsa96@colostate.edu/YAMP/YAMP_Standard/YAMP/assets/data/adapters.fa
Trimming parameters        : 
Input quality offset       : ASCII+33
Min phred score            : 10
Min length                 : 60
kmer lenght                : 23
Shorter kmer               : 11
Max Hamming distance       : 1
Decontamination parameters : 
Contaminant (pan)genome    : /gpfs/summit/scratch/parsa96@colostate.edu/YAMP/YAMP_Standard/YAMP/assets/data/hg19_main_mask_ribo_animal_allplant_allfungus.fa.gz
Min alignment identity     : 0.95
Max indel length           : 3
Max alignment band         : 0.16
MetaPhlAn parameters       : 
MetaPhlAn database         : /gpfs/summit/scratch/parsa96@colostate.edu/YAMP/YAMP_Standard/YAMP/assets/data/metaphlan_databases/
Bowtie2 options            : very-sensitive
HUMAnN parameters          : 
Chocophlan database        : /gpfs/summit/scratch/parsa96@colostate.edu/YAMP/YAMP_Standard/YAMP/assets/data/chocophlan
Uniref database            : /gpfs/summit/scratch/parsa96@colostate.edu/YAMP/YAMP_Standard/YAMP/assets/data/uniref
Folders                    : 
Output dir                 : Satya
Working dir                : /gpfs/summit/scratch/parsa96@colostate.edu/YAMP/YAMP_Standard/YAMP/work
Script dir                 : /gpfs/summit/scratch/parsa96@colostate.edu/YAMP/YAMP_Standard/YAMP
Lunching dir               : /gpfs/summit/scratch/parsa96@colostate.edu/YAMP/YAMP_Standard/YAMP

[-        ] process > get_software_versions -

[-        ] process > get_software_versions -
[-        ] process > dedup                 -

[-        ] process > get_software_versions -
[-        ] process > dedup                 -

[-        ] process > get_software_versions         -
[-        ] process > dedup                         -
[-        ] process > remove_synthetic_contaminants -
[-        ] process > trim                          -

[-        ] process > get_software_versions         -
[-        ] process > dedup                         -
[-        ] process > remove_synthetic_contaminants -
[-        ] process > trim                          -
[-        ] process > index_foreign_genome          -

[-        ] process > get_software_versions         -
[-        ] process > dedup                         -
[-        ] process > remove_synthetic_contaminants -
[-        ] process > trim                          -
[-        ] process > index_foreign_genome          -
[-        ] process > decontaminate                 -

[-        ] process > get_software_versions         -
[-        ] process > dedup                         -
[-        ] process > remove_synthetic_contaminants -
[-        ] process > trim                          -
[-        ] process > index_foreign_genome          -
[-        ] process > decontaminate                 -
[-        ] process > quality_assessment            -

[-        ] process > get_software_versions         -
[-        ] process > dedup                         -
[-        ] process > remove_synthetic_contaminants -
[-        ] process > trim                          -
[-        ] process > index_foreign_genome          -
[-        ] process > decontaminate                 -
[-        ] process > quality_assessment            -
[-        ] process > merge_paired_end_cleaned      -

[-        ] process > get_software_versions         -
[-        ] process > dedup                         -
[-        ] process > remove_synthetic_contaminants -
[-        ] process > trim                          -
[-        ] process > index_foreign_genome          -
[-        ] process > decontaminate                 -
[-        ] process > quality_assessment            -
[-        ] process > merge_paired_end_cleaned      -
[-        ] process > profile_taxa                  -

[80/bf3d20] process > get_software_versions         [100%] 1 of 1, cached: 1
[-        ] process > dedup                         -
[-        ] process > remove_synthetic_contaminants -
[-        ] process > trim                          -
[-        ] process > index_foreign_genome          -
[-        ] process > decontaminate                 -
[-        ] process > quality_assessment            -
[-        ] process > merge_paired_end_cleaned      -
[-        ] process > profile_taxa                  -
[-        ] process > profile_function              -

[80/bf3d20] process > get_software_versions          [100%] 1 of 1, cached: 1 ✔
[-        ] process > dedup                          -
[96/d791d6] process > remove_synthetic_contaminan... [100%] 1 of 1, cached: 1 ✔
[-        ] process > trim                           -
[93/6ee087] process > index_foreign_genome (1)       [100%] 1 of 1, cached: 1 ✔
[-        ] process > decontaminate                  -
[f0/45a81d] process > quality_assessment (RCE_plu... [100%] 1 of 1, cached: 1
[-        ] process > merge_paired_end_cleaned       -
[-        ] process > profile_taxa                   -
[-        ] process > profile_function               -
[-        ] process > alpha_diversity                -

[80/bf3d20] process > get_software_versions          [100%] 1 of 1, cached: 1 ✔
[-        ] process > dedup                          -
[96/d791d6] process > remove_synthetic_contaminan... [100%] 1 of 1, cached: 1 ✔
[-        ] process > trim                           -
[93/6ee087] process > index_foreign_genome (1)       [100%] 1 of 1, cached: 1 ✔
[-        ] process > decontaminate                  -
[f0/45a81d] process > quality_assessment (RCE_plu... [100%] 1 of 1, cached: 1
[-        ] process > merge_paired_end_cleaned       -
[-        ] process > profile_taxa                   -
[-        ] process > profile_function               -
[-        ] process > alpha_diversity                -
[-        ] process > log                            -

[80/bf3d20] process > get_software_versions          [100%] 1 of 1, cached: 1 ✔
[-        ] process > dedup                          -
[96/d791d6] process > remove_synthetic_contaminan... [100%] 1 of 1, cached: 1 ✔
[da/eddeb6] process > trim (RCE_plus_DSS_301)        [100%] 1 of 1, cached: 1 ✔
[93/6ee087] process > index_foreign_genome (1)       [100%] 1 of 1, cached: 1 ✔
[-        ] process > decontaminate                  -
[f0/45a81d] process > quality_assessment (RCE_plu... [100%] 1 of 1, cached: 1
[-        ] process > merge_paired_end_cleaned       -
[-        ] process > profile_taxa                   -
[-        ] process > profile_function               -
[-        ] process > alpha_diversity                -
[-        ] process > log                            -

[80/bf3d20] process > get_software_versions          [100%] 1 of 1, cached: 1 ✔
[-        ] process > dedup                          -
[96/d791d6] process > remove_synthetic_contaminan... [100%] 1 of 1, cached: 1 ✔
[da/eddeb6] process > trim (RCE_plus_DSS_301)        [100%] 1 of 1, cached: 1 ✔
[93/6ee087] process > index_foreign_genome (1)       [100%] 1 of 1, cached: 1 ✔
[e5/5f21cf] process > decontaminate (RCE_plus_DSS... [100%] 1 of 1, cached: 1
[5d/1f9ff6] process > quality_assessment (RCE_plu... [100%] 2 of 2, cached: 2
[-        ] process > merge_paired_end_cleaned       -
[-        ] process > profile_taxa                   -
[-        ] process > profile_function               -
[-        ] process > alpha_diversity                -
[-        ] process > log                            -

[80/bf3d20] process > get_software_versions          [100%] 1 of 1, cached: 1 ✔
[-        ] process > dedup                          -
[96/d791d6] process > remove_synthetic_contaminan... [100%] 1 of 1, cached: 1 ✔
[da/eddeb6] process > trim (RCE_plus_DSS_301)        [100%] 1 of 1, cached: 1 ✔
[93/6ee087] process > index_foreign_genome (1)       [100%] 1 of 1, cached: 1 ✔
[e5/5f21cf] process > decontaminate (RCE_plus_DSS... [100%] 1 of 1, cached: 1 ✔
[5d/1f9ff6] process > quality_assessment (RCE_plu... [100%] 2 of 2, cached: 2 ✔
[-        ] process > merge_paired_end_cleaned       -
[81/5c905d] process > profile_taxa (RCE_plus_DSS_... [100%] 1 of 1, cached: 1
[-        ] process > profile_function               -
[6a/1b7a7f] process > alpha_diversity (RCE_plus_D... [100%] 1 of 1, cached: 1
[-        ] process > log                            -

[80/bf3d20] process > get_software_versions          [100%] 1 of 1, cached: 1 ✔
[-        ] process > dedup                          -
[96/d791d6] process > remove_synthetic_contaminan... [100%] 1 of 1, cached: 1 ✔
[da/eddeb6] process > trim (RCE_plus_DSS_301)        [100%] 1 of 1, cached: 1 ✔
[93/6ee087] process > index_foreign_genome (1)       [100%] 1 of 1, cached: 1 ✔
[e5/5f21cf] process > decontaminate (RCE_plus_DSS... [100%] 1 of 1, cached: 1 ✔
[5d/1f9ff6] process > quality_assessment (RCE_plu... [100%] 2 of 2, cached: 2 ✔
[-        ] process > merge_paired_end_cleaned       -
[81/5c905d] process > profile_taxa (RCE_plus_DSS_... [100%] 1 of 1, cached: 1 ✔
[-        ] process > profile_function               [  0%] 0 of 1
[6a/1b7a7f] process > alpha_diversity (RCE_plus_D... [100%] 1 of 1, cached: 1 ✔
[-        ] process > log                            -

executor >  local (1)
[80/bf3d20] process > get_software_versions          [100%] 1 of 1, cached: 1 ✔
[-        ] process > dedup                          -
[96/d791d6] process > remove_synthetic_contaminan... [100%] 1 of 1, cached: 1 ✔
[da/eddeb6] process > trim (RCE_plus_DSS_301)        [100%] 1 of 1, cached: 1 ✔
[93/6ee087] process > index_foreign_genome (1)       [100%] 1 of 1, cached: 1 ✔
[e5/5f21cf] process > decontaminate (RCE_plus_DSS... [100%] 1 of 1, cached: 1 ✔
[5d/1f9ff6] process > quality_assessment (RCE_plu... [100%] 2 of 2, cached: 2 ✔
[-        ] process > merge_paired_end_cleaned       -
[81/5c905d] process > profile_taxa (RCE_plus_DSS_... [100%] 1 of 1, cached: 1 ✔
[af/1ccb72] process > profile_function (RCE_plus_... [  0%] 0 of 1
[6a/1b7a7f] process > alpha_diversity (RCE_plus_D... [100%] 1 of 1, cached: 1 ✔
[-        ] process > log                            -

executor >  local (1)
[80/bf3d20] process > get_software_versions          [100%] 1 of 1, cached: 1 ✔
[-        ] process > dedup                          -
[96/d791d6] process > remove_synthetic_contaminan... [100%] 1 of 1, cached: 1 ✔
[da/eddeb6] process > trim (RCE_plus_DSS_301)        [100%] 1 of 1, cached: 1 ✔
[93/6ee087] process > index_foreign_genome (1)       [100%] 1 of 1, cached: 1 ✔
[e5/5f21cf] process > decontaminate (RCE_plus_DSS... [100%] 1 of 1, cached: 1 ✔
[5d/1f9ff6] process > quality_assessment (RCE_plu... [100%] 2 of 2, cached: 2 ✔
[-        ] process > merge_paired_end_cleaned       -
[81/5c905d] process > profile_taxa (RCE_plus_DSS_... [100%] 1 of 1, cached: 1 ✔
[af/1ccb72] process > profile_function (RCE_plus_... [  0%] 0 of 1
[6a/1b7a7f] process > alpha_diversity (RCE_plus_D... [100%] 1 of 1, cached: 1 ✔
[-        ] process > log                            -

executor >  local (1)
[80/bf3d20] process > get_software_versions          [100%] 1 of 1, cached: 1 ✔
[-        ] process > dedup                          -
[96/d791d6] process > remove_synthetic_contaminan... [100%] 1 of 1, cached: 1 ✔
[da/eddeb6] process > trim (RCE_plus_DSS_301)        [100%] 1 of 1, cached: 1 ✔
[93/6ee087] process > index_foreign_genome (1)       [100%] 1 of 1, cached: 1 ✔
[e5/5f21cf] process > decontaminate (RCE_plus_DSS... [100%] 1 of 1, cached: 1 ✔
[5d/1f9ff6] process > quality_assessment (RCE_plu... [100%] 2 of 2, cached: 2 ✔
[-        ] process > merge_paired_end_cleaned       -
[81/5c905d] process > profile_taxa (RCE_plus_DSS_... [100%] 1 of 1, cached: 1 ✔
[af/1ccb72] process > profile_function (RCE_plus_... [100%] 1 of 1 ✔
[6a/1b7a7f] process > alpha_diversity (RCE_plus_D... [100%] 1 of 1, cached: 1 ✔
[-        ] process > log                            -

executor >  local (2)
[80/bf3d20] process > get_software_versions          [100%] 1 of 1, cached: 1 ✔
[-        ] process > dedup                          -
[96/d791d6] process > remove_synthetic_contaminan... [100%] 1 of 1, cached: 1 ✔
[da/eddeb6] process > trim (RCE_plus_DSS_301)        [100%] 1 of 1, cached: 1 ✔
[93/6ee087] process > index_foreign_genome (1)       [100%] 1 of 1, cached: 1 ✔
[e5/5f21cf] process > decontaminate (RCE_plus_DSS... [100%] 1 of 1, cached: 1 ✔
[5d/1f9ff6] process > quality_assessment (RCE_plu... [100%] 2 of 2, cached: 2 ✔
[-        ] process > merge_paired_end_cleaned       -
[81/5c905d] process > profile_taxa (RCE_plus_DSS_... [100%] 1 of 1, cached: 1 ✔
[af/1ccb72] process > profile_function (RCE_plus_... [100%] 1 of 1 ✔
[6a/1b7a7f] process > alpha_diversity (RCE_plus_D... [100%] 1 of 1, cached: 1 ✔
[e3/cda56b] process > log (1)                        [  0%] 0 of 1

executor >  local (2)
[80/bf3d20] process > get_software_versions          [100%] 1 of 1, cached: 1 ✔
[-        ] process > dedup                          -
[96/d791d6] process > remove_synthetic_contaminan... [100%] 1 of 1, cached: 1 ✔
[da/eddeb6] process > trim (RCE_plus_DSS_301)        [100%] 1 of 1, cached: 1 ✔
[93/6ee087] process > index_foreign_genome (1)       [100%] 1 of 1, cached: 1 ✔
[e5/5f21cf] process > decontaminate (RCE_plus_DSS... [100%] 1 of 1, cached: 1 ✔
[5d/1f9ff6] process > quality_assessment (RCE_plu... [100%] 2 of 2, cached: 2 ✔
[-        ] process > merge_paired_end_cleaned       -
[81/5c905d] process > profile_taxa (RCE_plus_DSS_... [100%] 1 of 1, cached: 1 ✔
[af/1ccb72] process > profile_function (RCE_plus_... [100%] 1 of 1 ✔
[6a/1b7a7f] process > alpha_diversity (RCE_plus_D... [100%] 1 of 1, cached: 1 ✔
[e3/cda56b] process > log (1)                        [100%] 1 of 1 ✔

executor >  local (2)
[80/bf3d20] process > get_software_versions          [100%] 1 of 1, cached: 1 ✔
[-        ] process > dedup                          -
[96/d791d6] process > remove_synthetic_contaminan... [100%] 1 of 1, cached: 1 ✔
[da/eddeb6] process > trim (RCE_plus_DSS_301)        [100%] 1 of 1, cached: 1 ✔
[93/6ee087] process > index_foreign_genome (1)       [100%] 1 of 1, cached: 1 ✔
[e5/5f21cf] process > decontaminate (RCE_plus_DSS... [100%] 1 of 1, cached: 1 ✔
[5d/1f9ff6] process > quality_assessment (RCE_plu... [100%] 2 of 2, cached: 2 ✔
[-        ] process > merge_paired_end_cleaned       -
[81/5c905d] process > profile_taxa (RCE_plus_DSS_... [100%] 1 of 1, cached: 1 ✔
[af/1ccb72] process > profile_function (RCE_plus_... [100%] 1 of 1 ✔
[6a/1b7a7f] process > alpha_diversity (RCE_plus_D... [100%] 1 of 1, cached: 1 ✔
[e3/cda56b] process > log (1)                        [100%] 1 of 1 ✔
Completed at: 15-Dec-2021 02:17:38
Duration    : 5d 17h 35m 59s
CPU hours   : 4'983.6 (83.4% cached)
Succeeded   : 2
Cached      : 9


== End of Job ==
/var/spool/slurmd/job9252681/slurm_script: line 27: /: Is a directory
