== This is the scripting step! ==
N E X T F L O W  ~  version 21.04.1
Launching `YAMP.nf` [lonely_noyce] - revision: 987380b166
---------------------------------------------
YET ANOTHER METAGENOMIC PIPELINE (YAMP) 
---------------------------------------------

Analysis introspection:


Starting time              : Sun Dec 12 21:55:50 MST 2021
Environment                : 
Pipeline Name              : YAMP
Pipeline Version           : 0.9.5.3
Config Profile             : base,singularity
Resumed                    : true
Nextflow version           : 21.04.1 build 5556 (14-05-2021 15:20 UTC)
Java version               : 1.8.0_91
Java Virtual Machine       : Java HotSpot(TM) 64-Bit Server VM(25.91-b14)
Operating system           : Linux amd64 v3.10.0-957.21.3.el7.x86_64
User name                  : mahshidm@colostate.edu
Container Engine           : singularity
Container                  : [:]
BBmap                      : https://depot.galaxyproject.org/singularity/bbmap:38.87--h1296035_0
FastQC                     : https://depot.galaxyproject.org/singularity/fastqc:0.11.9--0
biobakery                  : biobakery/workflows:3.0.0.a.6.metaphlanv3.0.7
qiime                      : qiime2/core:2020.8
MultiQC                    : https://depot.galaxyproject.org/singularity/multiqc:1.9--py_1
Running parameters         : 
Reads                      : [/scratch/summit/mahshidm@colostate.edu/YAMP6/Raw_Data/Start/Start_S1_S16_R1_001.fastq.gz, /scratch/summit/mahshidm@colostate.edu/YAMP6/Raw_Data/Start/Start_S1_S16_R2_001.fastq.gz]
Prefix                     : Start
Running mode               : complete
Layout                     : Paired-End
Performing de-duplication  : false
Synthetic contaminants     : 
Artefacts                  : /gpfs/summit/scratch/mahshidm@colostate.edu/YAMP6/assets/data/sequencing_artifacts.fa.gz
Phix174ill                 : /gpfs/summit/scratch/mahshidm@colostate.edu/YAMP6/assets/data/phix174_ill.ref.fa.gz
Adapters                   : /gpfs/summit/scratch/mahshidm@colostate.edu/YAMP6/assets/data/adapters.fa
Trimming parameters        : 
Input quality offset       : ASCII+33
Min phred score            : 10
Min length                 : 60
kmer lenght                : 23
Shorter kmer               : 11
Max Hamming distance       : 1
Decontamination parameters : 
Contaminant (pan)genome    : /gpfs/summit/scratch/mahshidm@colostate.edu/YAMP6/assets/data/hg19_main_mask_ribo_animal_allplant_allfungus.fa.gz
Min alignment identity     : 0.95
Max indel length           : 3
Max alignment band         : 0.16
MetaPhlAn parameters       : 
MetaPhlAn database         : /gpfs/summit/scratch/mahshidm@colostate.edu/YAMP6/assets/data/metaphlan_databases/
Bowtie2 options            : very-sensitive
HUMAnN parameters          : 
Chocophlan database        : /gpfs/summit/scratch/mahshidm@colostate.edu/YAMP6/assets/data/chocophlan
Uniref database            : /gpfs/summit/scratch/mahshidm@colostate.edu/YAMP6/assets/data/uniref
Folders                    : 
Output dir                 : Satya
Working dir                : /gpfs/summit/scratch/mahshidm@colostate.edu/YAMP6/work
Script dir                 : /gpfs/summit/scratch/mahshidm@colostate.edu/YAMP6
Lunching dir               : /gpfs/summit/scratch/mahshidm@colostate.edu/YAMP6

[-        ] process > get_software_versions -

[-        ] process > get_software_versions -
[-        ] process > dedup                 -

[-        ] process > get_software_versions         -
[-        ] process > dedup                         -
[-        ] process > remove_synthetic_contaminants -

[-        ] process > get_software_versions         -
[-        ] process > dedup                         -
[-        ] process > remove_synthetic_contaminants -
[-        ] process > trim                          -
[-        ] process > index_foreign_genome          -

[-        ] process > get_software_versions         -
[-        ] process > dedup                         -
[-        ] process > remove_synthetic_contaminants -
[-        ] process > trim                          -
[-        ] process > index_foreign_genome          -
[-        ] process > decontaminate                 -

[-        ] process > get_software_versions         -
[-        ] process > dedup                         -
[-        ] process > remove_synthetic_contaminants -
[-        ] process > trim                          -
[-        ] process > index_foreign_genome          -
[-        ] process > decontaminate                 -
[-        ] process > quality_assessment            -

[-        ] process > get_software_versions         -
[-        ] process > dedup                         -
[-        ] process > remove_synthetic_contaminants -
[-        ] process > trim                          -
[-        ] process > index_foreign_genome          -
[-        ] process > decontaminate                 -
[-        ] process > quality_assessment            -
[-        ] process > merge_paired_end_cleaned      -

[6b/4ffdb4] process > get_software_versions         [100%] 1 of 1, cached: 1
[-        ] process > dedup                         -
[-        ] process > remove_synthetic_contaminants -
[-        ] process > trim                          -
[23/366fe7] process > index_foreign_genome (1)      [100%] 1 of 1, cached: 1
[-        ] process > decontaminate                 -
[a9/ce6684] process > quality_assessment (Start)    [100%] 1 of 1, cached: 1
[-        ] process > merge_paired_end_cleaned      -
[-        ] process > profile_taxa                  -

[6b/4ffdb4] process > get_software_versions          [100%] 1 of 1, cached: 1 ✔
[-        ] process > dedup                          -
[59/87dc7e] process > remove_synthetic_contaminan... [100%] 1 of 1, cached: 1 ✔
[-        ] process > trim                           -
[23/366fe7] process > index_foreign_genome (1)       [100%] 1 of 1, cached: 1 ✔
[-        ] process > decontaminate                  -
[a9/ce6684] process > quality_assessment (Start)     [100%] 1 of 1, cached: 1
[-        ] process > merge_paired_end_cleaned       -
[-        ] process > profile_taxa                   -
[-        ] process > profile_function               -

[6b/4ffdb4] process > get_software_versions          [100%] 1 of 1, cached: 1 ✔
[-        ] process > dedup                          -
[59/87dc7e] process > remove_synthetic_contaminan... [100%] 1 of 1, cached: 1 ✔
[-        ] process > trim                           -
[23/366fe7] process > index_foreign_genome (1)       [100%] 1 of 1, cached: 1 ✔
[-        ] process > decontaminate                  -
[a9/ce6684] process > quality_assessment (Start)     [100%] 1 of 1, cached: 1
[-        ] process > merge_paired_end_cleaned       -
[-        ] process > profile_taxa                   -
[-        ] process > profile_function               -
[-        ] process > alpha_diversity                -

[6b/4ffdb4] process > get_software_versions          [100%] 1 of 1, cached: 1 ✔
[-        ] process > dedup                          -
[59/87dc7e] process > remove_synthetic_contaminan... [100%] 1 of 1, cached: 1 ✔
[6f/01cf68] process > trim (Start)                   [100%] 1 of 1, cached: 1
[23/366fe7] process > index_foreign_genome (1)       [100%] 1 of 1, cached: 1 ✔
[-        ] process > decontaminate                  -
[a9/ce6684] process > quality_assessment (Start)     [100%] 1 of 1, cached: 1
[-        ] process > merge_paired_end_cleaned       -
[-        ] process > profile_taxa                   -
[-        ] process > profile_function               -
[-        ] process > alpha_diversity                -
[-        ] process > log                            -

[6b/4ffdb4] process > get_software_versions          [100%] 1 of 1, cached: 1 ✔
[-        ] process > dedup                          -
[59/87dc7e] process > remove_synthetic_contaminan... [100%] 1 of 1, cached: 1 ✔
[6f/01cf68] process > trim (Start)                   [100%] 1 of 1, cached: 1 ✔
[23/366fe7] process > index_foreign_genome (1)       [100%] 1 of 1, cached: 1 ✔
[-        ] process > decontaminate                  -
[a9/ce6684] process > quality_assessment (Start)     [100%] 1 of 1, cached: 1
[-        ] process > merge_paired_end_cleaned       -
[-        ] process > profile_taxa                   -
[-        ] process > profile_function               -
[-        ] process > alpha_diversity                -
[-        ] process > log                            -

[6b/4ffdb4] process > get_software_versions          [100%] 1 of 1, cached: 1 ✔
[-        ] process > dedup                          -
[59/87dc7e] process > remove_synthetic_contaminan... [100%] 1 of 1, cached: 1 ✔
[6f/01cf68] process > trim (Start)                   [100%] 1 of 1, cached: 1 ✔
[23/366fe7] process > index_foreign_genome (1)       [100%] 1 of 1, cached: 1 ✔
[17/54493e] process > decontaminate (Start)          [100%] 1 of 1, cached: 1
[af/e27ea1] process > quality_assessment (Start)     [100%] 2 of 2, cached: 2
[-        ] process > merge_paired_end_cleaned       -
[-        ] process > profile_taxa                   -
[-        ] process > profile_function               -
[-        ] process > alpha_diversity                -
[-        ] process > log                            -

[6b/4ffdb4] process > get_software_versions          [100%] 1 of 1, cached: 1 ✔
[-        ] process > dedup                          -
[59/87dc7e] process > remove_synthetic_contaminan... [100%] 1 of 1, cached: 1 ✔
[6f/01cf68] process > trim (Start)                   [100%] 1 of 1, cached: 1 ✔
[23/366fe7] process > index_foreign_genome (1)       [100%] 1 of 1, cached: 1 ✔
[17/54493e] process > decontaminate (Start)          [100%] 1 of 1, cached: 1 ✔
[af/e27ea1] process > quality_assessment (Start)     [100%] 2 of 2, cached: 2 ✔
[-        ] process > merge_paired_end_cleaned       -
[f2/c0a00d] process > profile_taxa (Start)           [100%] 1 of 1, cached: 1
[-        ] process > profile_function               -
[-        ] process > alpha_diversity                -
[-        ] process > log                            -

[6b/4ffdb4] process > get_software_versions          [100%] 1 of 1, cached: 1 ✔
[-        ] process > dedup                          -
[59/87dc7e] process > remove_synthetic_contaminan... [100%] 1 of 1, cached: 1 ✔
[6f/01cf68] process > trim (Start)                   [100%] 1 of 1, cached: 1 ✔
[23/366fe7] process > index_foreign_genome (1)       [100%] 1 of 1, cached: 1 ✔
[17/54493e] process > decontaminate (Start)          [100%] 1 of 1, cached: 1 ✔
[af/e27ea1] process > quality_assessment (Start)     [100%] 2 of 2, cached: 2 ✔
[-        ] process > merge_paired_end_cleaned       -
[f2/c0a00d] process > profile_taxa (Start)           [100%] 1 of 1, cached: 1 ✔
[-        ] process > profile_function               [  0%] 0 of 1
[c7/9d2e86] process > alpha_diversity (Start)        [100%] 1 of 1, cached: 1 ✔
[-        ] process > log                            -

executor >  local (1)
[6b/4ffdb4] process > get_software_versions          [100%] 1 of 1, cached: 1 ✔
[-        ] process > dedup                          -
[59/87dc7e] process > remove_synthetic_contaminan... [100%] 1 of 1, cached: 1 ✔
[6f/01cf68] process > trim (Start)                   [100%] 1 of 1, cached: 1 ✔
[23/366fe7] process > index_foreign_genome (1)       [100%] 1 of 1, cached: 1 ✔
[17/54493e] process > decontaminate (Start)          [100%] 1 of 1, cached: 1 ✔
[af/e27ea1] process > quality_assessment (Start)     [100%] 2 of 2, cached: 2 ✔
[-        ] process > merge_paired_end_cleaned       -
[f2/c0a00d] process > profile_taxa (Start)           [100%] 1 of 1, cached: 1 ✔
[11/ae3a3d] process > profile_function (Start)       [  0%] 0 of 1
[c7/9d2e86] process > alpha_diversity (Start)        [100%] 1 of 1, cached: 1 ✔
[-        ] process > log                            -

executor >  local (1)
[6b/4ffdb4] process > get_software_versions          [100%] 1 of 1, cached: 1 ✔
[-        ] process > dedup                          -
[59/87dc7e] process > remove_synthetic_contaminan... [100%] 1 of 1, cached: 1 ✔
[6f/01cf68] process > trim (Start)                   [100%] 1 of 1, cached: 1 ✔
[23/366fe7] process > index_foreign_genome (1)       [100%] 1 of 1, cached: 1 ✔
[17/54493e] process > decontaminate (Start)          [100%] 1 of 1, cached: 1 ✔
[af/e27ea1] process > quality_assessment (Start)     [100%] 2 of 2, cached: 2 ✔
[-        ] process > merge_paired_end_cleaned       -
[f2/c0a00d] process > profile_taxa (Start)           [100%] 1 of 1, cached: 1 ✔
[11/ae3a3d] process > profile_function (Start)       [  0%] 0 of 1
[c7/9d2e86] process > alpha_diversity (Start)        [100%] 1 of 1, cached: 1 ✔
[-        ] process > log                            -

executor >  local (1)
[6b/4ffdb4] process > get_software_versions          [100%] 1 of 1, cached: 1 ✔
[-        ] process > dedup                          -
[59/87dc7e] process > remove_synthetic_contaminan... [100%] 1 of 1, cached: 1 ✔
[6f/01cf68] process > trim (Start)                   [100%] 1 of 1, cached: 1 ✔
[23/366fe7] process > index_foreign_genome (1)       [100%] 1 of 1, cached: 1 ✔
[17/54493e] process > decontaminate (Start)          [100%] 1 of 1, cached: 1 ✔
[af/e27ea1] process > quality_assessment (Start)     [100%] 2 of 2, cached: 2 ✔
[-        ] process > merge_paired_end_cleaned       -
[f2/c0a00d] process > profile_taxa (Start)           [100%] 1 of 1, cached: 1 ✔
[11/ae3a3d] process > profile_function (Start)       [100%] 1 of 1 ✔
[c7/9d2e86] process > alpha_diversity (Start)        [100%] 1 of 1, cached: 1 ✔
[-        ] process > log                            -

executor >  local (2)
[6b/4ffdb4] process > get_software_versions          [100%] 1 of 1, cached: 1 ✔
[-        ] process > dedup                          -
[59/87dc7e] process > remove_synthetic_contaminan... [100%] 1 of 1, cached: 1 ✔
[6f/01cf68] process > trim (Start)                   [100%] 1 of 1, cached: 1 ✔
[23/366fe7] process > index_foreign_genome (1)       [100%] 1 of 1, cached: 1 ✔
[17/54493e] process > decontaminate (Start)          [100%] 1 of 1, cached: 1 ✔
[af/e27ea1] process > quality_assessment (Start)     [100%] 2 of 2, cached: 2 ✔
[-        ] process > merge_paired_end_cleaned       -
[f2/c0a00d] process > profile_taxa (Start)           [100%] 1 of 1, cached: 1 ✔
[11/ae3a3d] process > profile_function (Start)       [100%] 1 of 1 ✔
[c7/9d2e86] process > alpha_diversity (Start)        [100%] 1 of 1, cached: 1 ✔
[e2/f881ce] process > log (1)                        [  0%] 0 of 1

executor >  local (2)
[6b/4ffdb4] process > get_software_versions          [100%] 1 of 1, cached: 1 ✔
[-        ] process > dedup                          -
[59/87dc7e] process > remove_synthetic_contaminan... [100%] 1 of 1, cached: 1 ✔
[6f/01cf68] process > trim (Start)                   [100%] 1 of 1, cached: 1 ✔
[23/366fe7] process > index_foreign_genome (1)       [100%] 1 of 1, cached: 1 ✔
[17/54493e] process > decontaminate (Start)          [100%] 1 of 1, cached: 1 ✔
[af/e27ea1] process > quality_assessment (Start)     [100%] 2 of 2, cached: 2 ✔
[-        ] process > merge_paired_end_cleaned       -
[f2/c0a00d] process > profile_taxa (Start)           [100%] 1 of 1, cached: 1 ✔
[11/ae3a3d] process > profile_function (Start)       [100%] 1 of 1 ✔
[c7/9d2e86] process > alpha_diversity (Start)        [100%] 1 of 1, cached: 1 ✔
[e2/f881ce] process > log (1)                        [100%] 1 of 1 ✔
Completed at: 19-Dec-2021 17:01:20
Duration    : 6d 19h 5m 40s
CPU hours   : 12'145.3 (35.5% cached)
Succeeded   : 2
Cached      : 9


== End of Job ==
